{"/home/travis/build/npmtest/node-npmtest-license-checker/test.js":{"path":"/home/travis/build/npmtest/node-npmtest-license-checker/test.js","s":{"1":2,"2":2,"3":2,"4":2,"5":2,"6":2,"7":2,"8":1,"9":2,"10":2,"11":1,"12":1,"13":1,"14":1,"15":2,"16":2,"17":2,"18":2,"19":1,"20":1,"21":2,"22":2,"23":2,"24":1,"25":1,"26":1,"27":1,"28":1,"29":1,"30":1,"31":1,"32":1,"33":1,"34":1,"35":1,"36":1,"37":1,"38":1,"39":2,"40":2,"41":1,"42":2,"43":2,"44":1,"45":2,"46":2,"47":1,"48":2,"49":2,"50":1,"51":1,"52":1,"53":1,"54":1},"b":{"1":[2,1,1,1],"2":[1,1,1,1],"3":[1,1],"4":[1,1],"5":[1,1],"6":[1,1],"7":[1,1],"8":[1,1],"9":[1,1],"10":[1,1,1],"11":[1,1],"12":[1,1],"13":[1,1],"14":[1,1],"15":[1,1],"16":[1,1],"17":[1,1]},"f":{"1":2,"2":2,"3":2,"4":2,"5":2,"6":1,"7":1,"8":1,"9":2,"10":2,"11":2,"12":2,"13":1},"fnMap":{"1":{"name":"(anonymous_1)","line":12,"loc":{"start":{"line":12,"column":1},"end":{"line":12,"column":13}}},"2":{"name":"(anonymous_2)","line":19,"loc":{"start":{"line":19,"column":5},"end":{"line":19,"column":17}}},"3":{"name":"(anonymous_3)","line":23,"loc":{"start":{"line":23,"column":24},"end":{"line":23,"column":36}}},"4":{"name":"(anonymous_4)","line":61,"loc":{"start":{"line":61,"column":5},"end":{"line":61,"column":17}}},"5":{"name":"(anonymous_5)","line":82,"loc":{"start":{"line":82,"column":5},"end":{"line":82,"column":17}}},"6":{"name":"(anonymous_6)","line":91,"loc":{"start":{"line":91,"column":77},"end":{"line":94,"column":10}}},"7":{"name":"(anonymous_7)","line":112,"loc":{"start":{"line":112,"column":83},"end":{"line":115,"column":10}},"skip":true},"8":{"name":"(anonymous_8)","line":123,"loc":{"start":{"line":123,"column":77},"end":{"line":126,"column":10}},"skip":true},"9":{"name":"(anonymous_9)","line":139,"loc":{"start":{"line":139,"column":12},"end":{"line":139,"column":40}},"skip":true},"10":{"name":"(anonymous_10)","line":147,"loc":{"start":{"line":147,"column":77},"end":{"line":150,"column":10}},"skip":true},"11":{"name":"(anonymous_11)","line":158,"loc":{"start":{"line":158,"column":83},"end":{"line":161,"column":10}},"skip":true},"12":{"name":"(anonymous_12)","line":169,"loc":{"start":{"line":169,"column":79},"end":{"line":172,"column":10}},"skip":true},"13":{"name":"(anonymous_13)","line":180,"loc":{"start":{"line":180,"column":75},"end":{"line":183,"column":10}},"skip":true}},"statementMap":{"1":{"start":{"line":12,"column":0},"end":{"line":195,"column":5}},"2":{"start":{"line":14,"column":4},"end":{"line":14,"column":14}},"3":{"start":{"line":19,"column":4},"end":{"line":56,"column":9}},"4":{"start":{"line":21,"column":8},"end":{"line":21,"column":19}},"5":{"start":{"line":23,"column":8},"end":{"line":35,"column":13}},"6":{"start":{"line":24,"column":12},"end":{"line":34,"column":13}},"7":{"start":{"line":25,"column":16},"end":{"line":28,"column":30}},"8":{"start":{"line":30,"column":16},"end":{"line":33,"column":27}},"9":{"start":{"line":37,"column":8},"end":{"line":39,"column":21}},"10":{"start":{"line":40,"column":8},"end":{"line":53,"column":9}},"11":{"start":{"line":43,"column":12},"end":{"line":46,"column":14}},"12":{"start":{"line":47,"column":12},"end":{"line":47,"column":18}},"13":{"start":{"line":50,"column":12},"end":{"line":51,"column":33}},"14":{"start":{"line":52,"column":12},"end":{"line":52,"column":18}},"15":{"start":{"line":55,"column":8},"end":{"line":55,"column":35}},"16":{"start":{"line":61,"column":4},"end":{"line":63,"column":9}},"17":{"start":{"line":62,"column":8},"end":{"line":62,"column":15}},"18":{"start":{"line":64,"column":4},"end":{"line":77,"column":5}},"19":{"start":{"line":70,"column":8},"end":{"line":70,"column":14}},"20":{"start":{"line":76,"column":8},"end":{"line":76,"column":14}},"21":{"start":{"line":82,"column":4},"end":{"line":84,"column":9}},"22":{"start":{"line":83,"column":8},"end":{"line":83,"column":15}},"23":{"start":{"line":85,"column":4},"end":{"line":194,"column":5}},"24":{"start":{"line":91,"column":8},"end":{"line":99,"column":10}},"25":{"start":{"line":98,"column":12},"end":{"line":98,"column":35}},"26":{"start":{"line":102,"column":8},"end":{"line":104,"column":63}},"27":{"start":{"line":105,"column":8},"end":{"line":105,"column":14}},"28":{"start":{"line":112,"column":8},"end":{"line":121,"column":10},"skip":true},"29":{"start":{"line":119,"column":12},"end":{"line":119,"column":55},"skip":true},"30":{"start":{"line":120,"column":12},"end":{"line":120,"column":48},"skip":true},"31":{"start":{"line":123,"column":8},"end":{"line":136,"column":10},"skip":true},"32":{"start":{"line":130,"column":12},"end":{"line":130,"column":76},"skip":true},"33":{"start":{"line":131,"column":12},"end":{"line":131,"column":73},"skip":true},"34":{"start":{"line":132,"column":12},"end":{"line":132,"column":74},"skip":true},"35":{"start":{"line":133,"column":12},"end":{"line":133,"column":79},"skip":true},"36":{"start":{"line":134,"column":12},"end":{"line":134,"column":25},"skip":true},"37":{"start":{"line":135,"column":12},"end":{"line":135,"column":45},"skip":true},"38":{"start":{"line":138,"column":8},"end":{"line":145,"column":14},"skip":true},"39":{"start":{"line":143,"column":16},"end":{"line":143,"column":29},"skip":true},"40":{"start":{"line":144,"column":16},"end":{"line":144,"column":55},"skip":true},"41":{"start":{"line":147,"column":8},"end":{"line":156,"column":10},"skip":true},"42":{"start":{"line":154,"column":12},"end":{"line":154,"column":25},"skip":true},"43":{"start":{"line":155,"column":12},"end":{"line":155,"column":45},"skip":true},"44":{"start":{"line":158,"column":8},"end":{"line":167,"column":10},"skip":true},"45":{"start":{"line":165,"column":12},"end":{"line":165,"column":25},"skip":true},"46":{"start":{"line":166,"column":12},"end":{"line":166,"column":48},"skip":true},"47":{"start":{"line":169,"column":8},"end":{"line":178,"column":10},"skip":true},"48":{"start":{"line":176,"column":12},"end":{"line":176,"column":25},"skip":true},"49":{"start":{"line":177,"column":12},"end":{"line":177,"column":46},"skip":true},"50":{"start":{"line":180,"column":8},"end":{"line":189,"column":10},"skip":true},"51":{"start":{"line":187,"column":12},"end":{"line":187,"column":94},"skip":true},"52":{"start":{"line":188,"column":12},"end":{"line":188,"column":48},"skip":true},"53":{"start":{"line":192,"column":8},"end":{"line":192,"column":35},"skip":true},"54":{"start":{"line":193,"column":8},"end":{"line":193,"column":14},"skip":true}},"branchMap":{"1":{"line":25,"type":"binary-expr","locations":[{"start":{"line":25,"column":23},"end":{"line":25,"column":62}},{"start":{"line":26,"column":20},"end":{"line":26,"column":70}},{"start":{"line":27,"column":20},"end":{"line":27,"column":71}},{"start":{"line":28,"column":20},"end":{"line":28,"column":29}}]},"2":{"line":30,"type":"binary-expr","locations":[{"start":{"line":30,"column":23},"end":{"line":30,"column":37}},{"start":{"line":31,"column":20},"end":{"line":31,"column":61}},{"start":{"line":32,"column":20},"end":{"line":32,"column":70}},{"start":{"line":33,"column":20},"end":{"line":33,"column":26}}]},"3":{"line":37,"type":"cond-expr","locations":[{"start":{"line":38,"column":14},"end":{"line":38,"column":20}},{"start":{"line":39,"column":14},"end":{"line":39,"column":20}}]},"4":{"line":40,"type":"switch","locations":[{"start":{"line":42,"column":8},"end":{"line":47,"column":18}},{"start":{"line":49,"column":8},"end":{"line":52,"column":18}}]},"5":{"line":44,"type":"binary-expr","locations":[{"start":{"line":44,"column":16},"end":{"line":44,"column":44}},{"start":{"line":44,"column":48},"end":{"line":44,"column":66}}]},"6":{"line":50,"type":"binary-expr","locations":[{"start":{"line":50,"column":21},"end":{"line":50,"column":49}},{"start":{"line":50,"column":53},"end":{"line":50,"column":72}}]},"7":{"line":64,"type":"switch","locations":[{"start":{"line":69,"column":4},"end":{"line":70,"column":14}},{"start":{"line":75,"column":4},"end":{"line":76,"column":14}}]},"8":{"line":85,"type":"switch","locations":[{"start":{"line":90,"column":4},"end":{"line":105,"column":14}},{"start":{"line":111,"column":4},"end":{"line":193,"column":14},"skip":true}]},"9":{"line":91,"type":"binary-expr","locations":[{"start":{"line":91,"column":42},"end":{"line":91,"column":73}},{"start":{"line":91,"column":77},"end":{"line":99,"column":9}}]},"10":{"line":102,"type":"binary-expr","locations":[{"start":{"line":102,"column":18},"end":{"line":102,"column":32}},{"start":{"line":103,"column":12},"end":{"line":103,"column":53}},{"start":{"line":104,"column":12},"end":{"line":104,"column":61}}]},"11":{"line":112,"type":"binary-expr","locations":[{"start":{"line":112,"column":45},"end":{"line":112,"column":79},"skip":true},{"start":{"line":112,"column":83},"end":{"line":121,"column":9},"skip":true}]},"12":{"line":123,"type":"binary-expr","locations":[{"start":{"line":123,"column":42},"end":{"line":123,"column":73},"skip":true},{"start":{"line":123,"column":77},"end":{"line":136,"column":9},"skip":true}]},"13":{"line":138,"type":"binary-expr","locations":[{"start":{"line":138,"column":48},"end":{"line":138,"column":85},"skip":true},{"start":{"line":139,"column":12},"end":{"line":145,"column":13},"skip":true}]},"14":{"line":147,"type":"binary-expr","locations":[{"start":{"line":147,"column":42},"end":{"line":147,"column":73},"skip":true},{"start":{"line":147,"column":77},"end":{"line":156,"column":9},"skip":true}]},"15":{"line":158,"type":"binary-expr","locations":[{"start":{"line":158,"column":45},"end":{"line":158,"column":79},"skip":true},{"start":{"line":158,"column":83},"end":{"line":167,"column":9},"skip":true}]},"16":{"line":169,"type":"binary-expr","locations":[{"start":{"line":169,"column":43},"end":{"line":169,"column":75},"skip":true},{"start":{"line":169,"column":79},"end":{"line":178,"column":9},"skip":true}]},"17":{"line":180,"type":"binary-expr","locations":[{"start":{"line":180,"column":41},"end":{"line":180,"column":71},"skip":true},{"start":{"line":180,"column":75},"end":{"line":189,"column":9},"skip":true}]}},"code":["/* istanbul instrument in package npmtest_license_checker */","/*jslint","    bitwise: true,","    browser: true,","    maxerr: 8,","    maxlen: 96,","    node: true,","    nomen: true,","    regexp: true,","    stupid: true","*/","(function () {","    'use strict';","    var local;","","","","    // run shared js-env code - pre-init","    (function () {","        // init local","        local = {};","        // init modeJs","        local.modeJs = (function () {","            try {","                return typeof navigator.userAgent === 'string' &&","                    typeof document.querySelector('body') === 'object' &&","                    typeof XMLHttpRequest.prototype.open === 'function' &&","                    'browser';","            } catch (errorCaughtBrowser) {","                return module.exports &&","                    typeof process.versions.node === 'string' &&","                    typeof require('http').createServer === 'function' &&","                    'node';","            }","        }());","        // init global","        local.global = local.modeJs === 'browser'","            ? window","            : global;","        switch (local.modeJs) {","        // re-init local from window.local","        case 'browser':","            local = local.global.utility2.objectSetDefault(","                local.global.utility2_rollup || local.global.local,","                local.global.utility2","            );","            break;","        // re-init local from example.js","        case 'node':","            local = (local.global.utility2_rollup || require('utility2'))","                .requireReadme();","            break;","        }","        // export local","        local.global.local = local;","    }());","","","","    // run shared js-env code - function","    (function () {","        return;","    }());","    switch (local.modeJs) {","","","","    // run browser js-env code - function","    case 'browser':","        break;","","","","    // run node js-env code - function","    case 'node':","        break;","    }","","","","    // run shared js-env code - post-init","    (function () {","        return;","    }());","    switch (local.modeJs) {","","","","    // run browser js-env code - post-init","    case 'browser':","        local.testCase_browser_nullCase = local.testCase_browser_nullCase || function (","            options,","            onError","        ) {","        /*","         * this function will test browsers's null-case handling-behavior-behavior","         */","            onError(null, options);","        };","","        // run tests","        local.nop(local.modeTest &&","            document.querySelector('#testRunButton1') &&","            document.querySelector('#testRunButton1').click());","        break;","","","","    // run node js-env code - post-init","    /* istanbul ignore next */","    case 'node':","        local.testCase_buildApidoc_default = local.testCase_buildApidoc_default || function (","            options,","            onError","        ) {","        /*","         * this function will test buildApidoc's default handling-behavior-behavior","         */","            options = { modulePathList: module.paths };","            local.buildApidoc(options, onError);","        };","","        local.testCase_buildApp_default = local.testCase_buildApp_default || function (","            options,","            onError","        ) {","        /*","         * this function will test buildApp's default handling-behavior-behavior","         */","            local.testCase_buildReadme_default(options, local.onErrorThrow);","            local.testCase_buildLib_default(options, local.onErrorThrow);","            local.testCase_buildTest_default(options, local.onErrorThrow);","            local.testCase_buildCustomOrg_default(options, local.onErrorThrow);","            options = [];","            local.buildApp(options, onError);","        };","","        local.testCase_buildCustomOrg_default = local.testCase_buildCustomOrg_default ||","            function (options, onError) {","            /*","             * this function will test buildCustomOrg's default handling-behavior","             */","                options = {};","                local.buildCustomOrg(options, onError);","            };","","        local.testCase_buildLib_default = local.testCase_buildLib_default || function (","            options,","            onError","        ) {","        /*","         * this function will test buildLib's default handling-behavior","         */","            options = {};","            local.buildLib(options, onError);","        };","","        local.testCase_buildReadme_default = local.testCase_buildReadme_default || function (","            options,","            onError","        ) {","        /*","         * this function will test buildReadme's default handling-behavior-behavior","         */","            options = {};","            local.buildReadme(options, onError);","        };","","        local.testCase_buildTest_default = local.testCase_buildTest_default || function (","            options,","            onError","        ) {","        /*","         * this function will test buildTest's default handling-behavior","         */","            options = {};","            local.buildTest(options, onError);","        };","","        local.testCase_webpage_default = local.testCase_webpage_default || function (","            options,","            onError","        ) {","        /*","         * this function will test webpage's default handling-behavior","         */","            options = { modeCoverageMerge: true, url: local.serverLocalHost + '?modeTest=1' };","            local.browserTest(options, onError);","        };","","        // run test-server","        local.testRunServer(local);","        break;","    }","}());",""],"l":{"12":2,"14":2,"19":2,"21":2,"23":2,"24":2,"25":2,"30":1,"37":2,"40":2,"43":1,"47":1,"50":1,"52":1,"55":2,"61":2,"62":2,"64":2,"70":1,"76":1,"82":2,"83":2,"85":2,"91":1,"98":1,"102":1,"105":1,"112":1,"119":1,"120":1,"123":1,"130":1,"131":1,"132":1,"133":1,"134":1,"135":1,"138":1,"143":2,"144":2,"147":1,"154":2,"155":2,"158":1,"165":2,"166":2,"169":1,"176":2,"177":2,"180":1,"187":1,"188":1,"192":1,"193":1}},"/home/travis/build/npmtest/node-npmtest-license-checker/lib.npmtest_license_checker.js":{"path":"/home/travis/build/npmtest/node-npmtest-license-checker/lib.npmtest_license_checker.js","s":{"1":2,"2":2,"3":2,"4":2,"5":2,"6":2,"7":2,"8":1,"9":2,"10":2,"11":2,"12":2,"13":1,"14":1,"15":1,"16":1},"b":{"1":[2,1,1,1],"2":[1,1,1,1],"3":[1,1],"4":[2,2],"5":[1,1]},"f":{"1":2,"2":2,"3":2},"fnMap":{"1":{"name":"(anonymous_1)","line":12,"loc":{"start":{"line":12,"column":1},"end":{"line":12,"column":13}}},"2":{"name":"(anonymous_2)","line":19,"loc":{"start":{"line":19,"column":5},"end":{"line":19,"column":17}}},"3":{"name":"(anonymous_3)","line":23,"loc":{"start":{"line":23,"column":24},"end":{"line":23,"column":36}}}},"statementMap":{"1":{"start":{"line":12,"column":0},"end":{"line":53,"column":5}},"2":{"start":{"line":14,"column":4},"end":{"line":14,"column":14}},"3":{"start":{"line":19,"column":4},"end":{"line":52,"column":9}},"4":{"start":{"line":21,"column":8},"end":{"line":21,"column":19}},"5":{"start":{"line":23,"column":8},"end":{"line":35,"column":13}},"6":{"start":{"line":24,"column":12},"end":{"line":34,"column":13}},"7":{"start":{"line":25,"column":16},"end":{"line":28,"column":30}},"8":{"start":{"line":30,"column":16},"end":{"line":33,"column":27}},"9":{"start":{"line":37,"column":8},"end":{"line":39,"column":21}},"10":{"start":{"line":41,"column":8},"end":{"line":41,"column":54}},"11":{"start":{"line":43,"column":8},"end":{"line":43,"column":60}},"12":{"start":{"line":45,"column":8},"end":{"line":51,"column":9}},"13":{"start":{"line":46,"column":12},"end":{"line":46,"column":66}},"14":{"start":{"line":48,"column":12},"end":{"line":48,"column":35}},"15":{"start":{"line":49,"column":12},"end":{"line":49,"column":49}},"16":{"start":{"line":50,"column":12},"end":{"line":50,"column":43}}},"branchMap":{"1":{"line":25,"type":"binary-expr","locations":[{"start":{"line":25,"column":23},"end":{"line":25,"column":62}},{"start":{"line":26,"column":20},"end":{"line":26,"column":70}},{"start":{"line":27,"column":20},"end":{"line":27,"column":71}},{"start":{"line":28,"column":20},"end":{"line":28,"column":29}}]},"2":{"line":30,"type":"binary-expr","locations":[{"start":{"line":30,"column":23},"end":{"line":30,"column":37}},{"start":{"line":31,"column":20},"end":{"line":31,"column":61}},{"start":{"line":32,"column":20},"end":{"line":32,"column":70}},{"start":{"line":33,"column":20},"end":{"line":33,"column":26}}]},"3":{"line":37,"type":"cond-expr","locations":[{"start":{"line":38,"column":14},"end":{"line":38,"column":20}},{"start":{"line":39,"column":14},"end":{"line":39,"column":20}}]},"4":{"line":41,"type":"binary-expr","locations":[{"start":{"line":41,"column":16},"end":{"line":41,"column":44}},{"start":{"line":41,"column":48},"end":{"line":41,"column":53}}]},"5":{"line":45,"type":"if","locations":[{"start":{"line":45,"column":8},"end":{"line":45,"column":8}},{"start":{"line":45,"column":8},"end":{"line":45,"column":8}}]}},"code":["/* istanbul instrument in package npmtest_license_checker */","/*jslint","    bitwise: true,","    browser: true,","    maxerr: 8,","    maxlen: 96,","    node: true,","    nomen: true,","    regexp: true,","    stupid: true","*/","(function () {","    'use strict';","    var local;","","","","    // run shared js-env code - pre-init","    (function () {","        // init local","        local = {};","        // init modeJs","        local.modeJs = (function () {","            try {","                return typeof navigator.userAgent === 'string' &&","                    typeof document.querySelector('body') === 'object' &&","                    typeof XMLHttpRequest.prototype.open === 'function' &&","                    'browser';","            } catch (errorCaughtBrowser) {","                return module.exports &&","                    typeof process.versions.node === 'string' &&","                    typeof require('http').createServer === 'function' &&","                    'node';","            }","        }());","        // init global","        local.global = local.modeJs === 'browser'","            ? window","            : global;","        // init utility2_rollup","        local = local.global.utility2_rollup || local;","        // init lib","        local.local = local.npmtest_license_checker = local;","        // init exports","        if (local.modeJs === 'browser') {","            local.global.utility2_npmtest_license_checker = local;","        } else {","            module.exports = local;","            module.exports.__dirname = __dirname;","            module.exports.module = module;","        }","    }());","}());",""],"l":{"12":2,"14":2,"19":2,"21":2,"23":2,"24":2,"25":2,"30":1,"37":2,"41":2,"43":2,"45":2,"46":1,"48":1,"49":1,"50":1}},"/home/travis/build/npmtest/node-npmtest-license-checker/example.js":{"path":"/home/travis/build/npmtest/node-npmtest-license-checker/example.js","s":{"1":2,"2":2,"3":2,"4":2,"5":2,"6":2,"7":2,"8":1,"9":2,"10":2,"11":2,"12":2,"13":1,"14":2,"15":2,"16":2,"17":2,"18":2,"19":0,"20":2,"21":1,"22":1,"23":1,"24":1,"25":1,"26":0,"27":0,"28":1,"29":1,"30":2,"31":0,"32":0,"33":0,"34":1,"35":2,"36":2,"37":3,"38":3,"39":3,"40":3,"41":0,"42":3,"43":3,"44":3,"45":1,"46":3,"47":1,"48":1,"49":1,"50":1,"51":1,"52":1,"53":1,"54":1,"55":1,"56":1,"57":0,"58":1,"59":6,"60":6,"61":1,"62":2,"63":0,"64":2,"65":1,"66":1,"67":0,"68":0,"69":0,"70":0,"71":0,"72":0,"73":0,"74":0,"75":0,"76":0,"77":0,"78":0,"79":0,"80":0,"81":0,"82":0,"83":0},"b":{"1":[2,1,1,1],"2":[1,1,1,1],"3":[1,1],"4":[2,2],"5":[1,1],"6":[1,1],"7":[2,0],"8":[2,1,1,1,1,1],"9":[0,2,0],"10":[1,1],"11":[2,1,1],"12":[1,0],"13":[0,2],"14":[2,0,0,0,0,0,0],"15":[0,3],"16":[3,0],"17":[1,1],"18":[0,1],"19":[1,2,0,2],"20":[1,0],"21":[1,1],"22":[0,0],"23":[0,0],"24":[0,0],"25":[0,0],"26":[0,0],"27":[0,0],"28":[0,0]},"f":{"1":2,"2":2,"3":2,"4":2,"5":2,"6":2,"7":3,"8":3,"9":3,"10":1,"11":6,"12":0},"fnMap":{"1":{"name":"(anonymous_1)","line":26,"loc":{"start":{"line":26,"column":1},"end":{"line":26,"column":13}}},"2":{"name":"(anonymous_2)","line":33,"loc":{"start":{"line":33,"column":5},"end":{"line":33,"column":17}}},"3":{"name":"(anonymous_3)","line":37,"loc":{"start":{"line":37,"column":24},"end":{"line":37,"column":36}}},"4":{"name":"(anonymous_4)","line":69,"loc":{"start":{"line":69,"column":31},"end":{"line":69,"column":48}},"skip":true},"5":{"name":"(anonymous_5)","line":78,"loc":{"start":{"line":78,"column":26},"end":{"line":78,"column":45}},"skip":true},"6":{"name":"(anonymous_6)","line":123,"loc":{"start":{"line":123,"column":33},"end":{"line":123,"column":48}},"skip":true},"7":{"name":"(anonymous_7)","line":125,"loc":{"start":{"line":125,"column":27},"end":{"line":125,"column":39}},"skip":true},"8":{"name":"(anonymous_8)","line":133,"loc":{"start":{"line":133,"column":59},"end":{"line":133,"column":74}},"skip":true},"9":{"name":"(anonymous_9)","line":143,"loc":{"start":{"line":143,"column":45},"end":{"line":143,"column":62}},"skip":true},"10":{"name":"(anonymous_10)","line":144,"loc":{"start":{"line":144,"column":73},"end":{"line":144,"column":92}},"skip":true},"11":{"name":"(anonymous_11)","line":272,"loc":{"start":{"line":272,"column":51},"end":{"line":272,"column":77}},"skip":true},"12":{"name":"(anonymous_12)","line":315,"loc":{"start":{"line":315,"column":32},"end":{"line":315,"column":61}},"skip":true}},"statementMap":{"1":{"start":{"line":26,"column":0},"end":{"line":326,"column":5}},"2":{"start":{"line":28,"column":4},"end":{"line":28,"column":14}},"3":{"start":{"line":33,"column":4},"end":{"line":60,"column":9}},"4":{"start":{"line":35,"column":8},"end":{"line":35,"column":19}},"5":{"start":{"line":37,"column":8},"end":{"line":49,"column":13}},"6":{"start":{"line":38,"column":12},"end":{"line":48,"column":13}},"7":{"start":{"line":39,"column":16},"end":{"line":42,"column":30}},"8":{"start":{"line":44,"column":16},"end":{"line":47,"column":27}},"9":{"start":{"line":51,"column":8},"end":{"line":53,"column":21}},"10":{"start":{"line":55,"column":8},"end":{"line":57,"column":45}},"11":{"start":{"line":59,"column":8},"end":{"line":59,"column":35}},"12":{"start":{"line":61,"column":4},"end":{"line":325,"column":5}},"13":{"start":{"line":69,"column":8},"end":{"line":121,"column":10},"skip":true},"14":{"start":{"line":70,"column":12},"end":{"line":88,"column":13},"skip":true},"15":{"start":{"line":76,"column":16},"end":{"line":87,"column":19},"skip":true},"16":{"start":{"line":79,"column":20},"end":{"line":86,"column":21},"skip":true},"17":{"start":{"line":82,"column":24},"end":{"line":82,"column":43},"skip":true},"18":{"start":{"line":83,"column":24},"end":{"line":83,"column":30},"skip":true},"19":{"start":{"line":85,"column":24},"end":{"line":85,"column":49},"skip":true},"20":{"start":{"line":89,"column":12},"end":{"line":107,"column":13},"skip":true},"21":{"start":{"line":92,"column":16},"end":{"line":102,"column":17},"skip":true},"22":{"start":{"line":93,"column":20},"end":{"line":93,"column":86},"skip":true},"23":{"start":{"line":94,"column":20},"end":{"line":95,"column":45},"skip":true},"24":{"start":{"line":96,"column":20},"end":{"line":96,"column":42},"skip":true},"25":{"start":{"line":97,"column":20},"end":{"line":97,"column":48},"skip":true},"26":{"start":{"line":100,"column":20},"end":{"line":100,"column":85},"skip":true},"27":{"start":{"line":101,"column":20},"end":{"line":101,"column":96},"skip":true},"28":{"start":{"line":103,"column":16},"end":{"line":103,"column":22},"skip":true},"29":{"start":{"line":106,"column":16},"end":{"line":106,"column":22},"skip":true},"30":{"start":{"line":108,"column":12},"end":{"line":120,"column":13},"skip":true},"31":{"start":{"line":114,"column":16},"end":{"line":119,"column":17},"skip":true},"32":{"start":{"line":116,"column":20},"end":{"line":116,"column":78},"skip":true},"33":{"start":{"line":118,"column":20},"end":{"line":118,"column":47},"skip":true},"34":{"start":{"line":123,"column":8},"end":{"line":141,"column":11},"skip":true},"35":{"start":{"line":124,"column":12},"end":{"line":124,"column":54},"skip":true},"36":{"start":{"line":125,"column":12},"end":{"line":140,"column":14},"skip":true},"37":{"start":{"line":126,"column":16},"end":{"line":126,"column":28},"skip":true},"38":{"start":{"line":127,"column":16},"end":{"line":127,"column":69},"skip":true},"39":{"start":{"line":128,"column":16},"end":{"line":128,"column":75},"skip":true},"40":{"start":{"line":129,"column":16},"end":{"line":131,"column":17},"skip":true},"41":{"start":{"line":130,"column":20},"end":{"line":130,"column":27},"skip":true},"42":{"start":{"line":133,"column":16},"end":{"line":137,"column":36},"skip":true},"43":{"start":{"line":134,"column":20},"end":{"line":136,"column":55},"skip":true},"44":{"start":{"line":139,"column":16},"end":{"line":139,"column":57},"skip":true},"45":{"start":{"line":143,"column":8},"end":{"line":147,"column":11},"skip":true},"46":{"start":{"line":144,"column":12},"end":{"line":146,"column":15},"skip":true},"47":{"start":{"line":145,"column":16},"end":{"line":145,"column":70},"skip":true},"48":{"start":{"line":149,"column":8},"end":{"line":149,"column":31},"skip":true},"49":{"start":{"line":150,"column":8},"end":{"line":150,"column":14},"skip":true},"50":{"start":{"line":158,"column":8},"end":{"line":158,"column":31},"skip":true},"51":{"start":{"line":160,"column":8},"end":{"line":160,"column":33},"skip":true},"52":{"start":{"line":161,"column":8},"end":{"line":161,"column":37},"skip":true},"53":{"start":{"line":162,"column":8},"end":{"line":162,"column":35},"skip":true},"54":{"start":{"line":164,"column":8},"end":{"line":164,"column":50},"skip":true},"55":{"start":{"line":166,"column":8},"end":{"line":256,"column":2},"skip":true},"56":{"start":{"line":258,"column":8},"end":{"line":286,"column":9},"skip":true},"57":{"start":{"line":259,"column":12},"end":{"line":269,"column":14},"skip":true},"58":{"start":{"line":271,"column":12},"end":{"line":285,"column":19},"skip":true},"59":{"start":{"line":274,"column":20},"end":{"line":274,"column":35},"skip":true},"60":{"start":{"line":275,"column":20},"end":{"line":284,"column":21},"skip":true},"61":{"start":{"line":277,"column":24},"end":{"line":277,"column":64},"skip":true},"62":{"start":{"line":279,"column":24},"end":{"line":279,"column":40},"skip":true},"63":{"start":{"line":281,"column":24},"end":{"line":281,"column":40},"skip":true},"64":{"start":{"line":283,"column":24},"end":{"line":283,"column":39},"skip":true},"65":{"start":{"line":288,"column":8},"end":{"line":290,"column":9},"skip":true},"66":{"start":{"line":289,"column":12},"end":{"line":289,"column":18},"skip":true},"67":{"start":{"line":291,"column":8},"end":{"line":293,"column":54},"skip":true},"68":{"start":{"line":296,"column":8},"end":{"line":301,"column":37},"skip":true},"69":{"start":{"line":303,"column":8},"end":{"line":303,"column":82},"skip":true},"70":{"start":{"line":306,"column":8},"end":{"line":308,"column":9},"skip":true},"71":{"start":{"line":307,"column":12},"end":{"line":307,"column":82},"skip":true},"72":{"start":{"line":310,"column":8},"end":{"line":312,"column":9},"skip":true},"73":{"start":{"line":311,"column":12},"end":{"line":311,"column":18},"skip":true},"74":{"start":{"line":313,"column":8},"end":{"line":313,"column":54},"skip":true},"75":{"start":{"line":314,"column":8},"end":{"line":314,"column":69},"skip":true},"76":{"start":{"line":315,"column":8},"end":{"line":323,"column":36},"skip":true},"77":{"start":{"line":316,"column":12},"end":{"line":316,"column":61},"skip":true},"78":{"start":{"line":317,"column":12},"end":{"line":320,"column":13},"skip":true},"79":{"start":{"line":318,"column":16},"end":{"line":318,"column":75},"skip":true},"80":{"start":{"line":319,"column":16},"end":{"line":319,"column":23},"skip":true},"81":{"start":{"line":321,"column":12},"end":{"line":321,"column":38},"skip":true},"82":{"start":{"line":322,"column":12},"end":{"line":322,"column":27},"skip":true},"83":{"start":{"line":324,"column":8},"end":{"line":324,"column":14},"skip":true}},"branchMap":{"1":{"line":39,"type":"binary-expr","locations":[{"start":{"line":39,"column":23},"end":{"line":39,"column":62}},{"start":{"line":40,"column":20},"end":{"line":40,"column":70}},{"start":{"line":41,"column":20},"end":{"line":41,"column":71}},{"start":{"line":42,"column":20},"end":{"line":42,"column":29}}]},"2":{"line":44,"type":"binary-expr","locations":[{"start":{"line":44,"column":23},"end":{"line":44,"column":37}},{"start":{"line":45,"column":20},"end":{"line":45,"column":61}},{"start":{"line":46,"column":20},"end":{"line":46,"column":70}},{"start":{"line":47,"column":20},"end":{"line":47,"column":26}}]},"3":{"line":51,"type":"cond-expr","locations":[{"start":{"line":52,"column":14},"end":{"line":52,"column":20}},{"start":{"line":53,"column":14},"end":{"line":53,"column":20}}]},"4":{"line":55,"type":"binary-expr","locations":[{"start":{"line":55,"column":16},"end":{"line":55,"column":44}},{"start":{"line":55,"column":49},"end":{"line":57,"column":43}}]},"5":{"line":55,"type":"cond-expr","locations":[{"start":{"line":56,"column":14},"end":{"line":56,"column":59}},{"start":{"line":57,"column":14},"end":{"line":57,"column":43}}]},"6":{"line":61,"type":"switch","locations":[{"start":{"line":68,"column":4},"end":{"line":150,"column":14},"skip":true},{"start":{"line":156,"column":4},"end":{"line":324,"column":14},"skip":true}]},"7":{"line":70,"type":"if","locations":[{"start":{"line":70,"column":12},"end":{"line":70,"column":12},"skip":true},{"start":{"line":70,"column":12},"end":{"line":70,"column":12},"skip":true}]},"8":{"line":70,"type":"binary-expr","locations":[{"start":{"line":70,"column":16},"end":{"line":70,"column":22},"skip":true},{"start":{"line":70,"column":27},"end":{"line":70,"column":32},"skip":true},{"start":{"line":71,"column":20},"end":{"line":71,"column":39},"skip":true},{"start":{"line":72,"column":20},"end":{"line":72,"column":49},"skip":true},{"start":{"line":73,"column":20},"end":{"line":73,"column":58},"skip":true},{"start":{"line":74,"column":20},"end":{"line":74,"column":69},"skip":true}]},"9":{"line":79,"type":"switch","locations":[{"start":{"line":80,"column":20},"end":{"line":80,"column":33},"skip":true},{"start":{"line":81,"column":20},"end":{"line":83,"column":30},"skip":true},{"start":{"line":84,"column":20},"end":{"line":85,"column":49},"skip":true}]},"10":{"line":89,"type":"switch","locations":[{"start":{"line":90,"column":12},"end":{"line":103,"column":22},"skip":true},{"start":{"line":105,"column":12},"end":{"line":106,"column":22},"skip":true}]},"11":{"line":89,"type":"binary-expr","locations":[{"start":{"line":89,"column":20},"end":{"line":89,"column":25},"skip":true},{"start":{"line":89,"column":29},"end":{"line":89,"column":48},"skip":true},{"start":{"line":89,"column":52},"end":{"line":89,"column":74},"skip":true}]},"12":{"line":92,"type":"if","locations":[{"start":{"line":92,"column":16},"end":{"line":92,"column":16},"skip":true},{"start":{"line":92,"column":16},"end":{"line":92,"column":16},"skip":true}]},"13":{"line":108,"type":"if","locations":[{"start":{"line":108,"column":12},"end":{"line":108,"column":12},"skip":true},{"start":{"line":108,"column":12},"end":{"line":108,"column":12},"skip":true}]},"14":{"line":108,"type":"binary-expr","locations":[{"start":{"line":108,"column":16},"end":{"line":108,"column":61},"skip":true},{"start":{"line":108,"column":66},"end":{"line":108,"column":72},"skip":true},{"start":{"line":108,"column":77},"end":{"line":108,"column":82},"skip":true},{"start":{"line":109,"column":20},"end":{"line":109,"column":39},"skip":true},{"start":{"line":110,"column":20},"end":{"line":110,"column":49},"skip":true},{"start":{"line":111,"column":20},"end":{"line":111,"column":58},"skip":true},{"start":{"line":112,"column":20},"end":{"line":112,"column":68},"skip":true}]},"15":{"line":129,"type":"if","locations":[{"start":{"line":129,"column":16},"end":{"line":129,"column":16},"skip":true},{"start":{"line":129,"column":16},"end":{"line":129,"column":16},"skip":true}]},"16":{"line":134,"type":"cond-expr","locations":[{"start":{"line":135,"column":26},"end":{"line":135,"column":29},"skip":true},{"start":{"line":136,"column":26},"end":{"line":136,"column":54},"skip":true}]},"17":{"line":164,"type":"binary-expr","locations":[{"start":{"line":164,"column":27},"end":{"line":164,"column":43},"skip":true},{"start":{"line":164,"column":47},"end":{"line":164,"column":49},"skip":true}]},"18":{"line":258,"type":"if","locations":[{"start":{"line":258,"column":8},"end":{"line":258,"column":8},"skip":true},{"start":{"line":258,"column":8},"end":{"line":258,"column":8},"skip":true}]},"19":{"line":275,"type":"switch","locations":[{"start":{"line":276,"column":20},"end":{"line":277,"column":64},"skip":true},{"start":{"line":278,"column":20},"end":{"line":279,"column":40},"skip":true},{"start":{"line":280,"column":20},"end":{"line":281,"column":40},"skip":true},{"start":{"line":282,"column":20},"end":{"line":283,"column":39},"skip":true}]},"20":{"line":288,"type":"if","locations":[{"start":{"line":288,"column":8},"end":{"line":288,"column":8},"skip":true},{"start":{"line":288,"column":8},"end":{"line":288,"column":8},"skip":true}]},"21":{"line":288,"type":"binary-expr","locations":[{"start":{"line":288,"column":12},"end":{"line":288,"column":40},"skip":true},{"start":{"line":288,"column":44},"end":{"line":288,"column":67},"skip":true}]},"22":{"line":292,"type":"binary-expr","locations":[{"start":{"line":292,"column":12},"end":{"line":292,"column":50},"skip":true},{"start":{"line":293,"column":12},"end":{"line":293,"column":53},"skip":true}]},"23":{"line":297,"type":"binary-expr","locations":[{"start":{"line":297,"column":12},"end":{"line":297,"column":73},"skip":true},{"start":{"line":298,"column":12},"end":{"line":301,"column":36},"skip":true}]},"24":{"line":303,"type":"binary-expr","locations":[{"start":{"line":303,"column":43},"end":{"line":303,"column":75},"skip":true},{"start":{"line":303,"column":79},"end":{"line":303,"column":81},"skip":true}]},"25":{"line":306,"type":"if","locations":[{"start":{"line":306,"column":8},"end":{"line":306,"column":8},"skip":true},{"start":{"line":306,"column":8},"end":{"line":306,"column":8},"skip":true}]},"26":{"line":310,"type":"if","locations":[{"start":{"line":310,"column":8},"end":{"line":310,"column":8},"skip":true},{"start":{"line":310,"column":8},"end":{"line":310,"column":8},"skip":true}]},"27":{"line":313,"type":"binary-expr","locations":[{"start":{"line":313,"column":27},"end":{"line":313,"column":43},"skip":true},{"start":{"line":313,"column":47},"end":{"line":313,"column":53},"skip":true}]},"28":{"line":317,"type":"if","locations":[{"start":{"line":317,"column":12},"end":{"line":317,"column":12},"skip":true},{"start":{"line":317,"column":12},"end":{"line":317,"column":12},"skip":true}]}},"code":["/*","example.js","","quickstart example","","instruction","    1. save this script as example.js","    2. run the shell command:","        $ npm install npmtest-license-checker && PORT=8081 node example.js","    3. play with the browser-demo on http://127.0.0.1:8081","*/","","","","/* istanbul instrument in package npmtest_license_checker */","/*jslint","    bitwise: true,","    browser: true,","    maxerr: 8,","    maxlen: 96,","    node: true,","    nomen: true,","    regexp: true,","    stupid: true","*/","(function () {","    'use strict';","    var local;","","","","    // run shared js-env code - pre-init","    (function () {","        // init local","        local = {};","        // init modeJs","        local.modeJs = (function () {","            try {","                return typeof navigator.userAgent === 'string' &&","                    typeof document.querySelector('body') === 'object' &&","                    typeof XMLHttpRequest.prototype.open === 'function' &&","                    'browser';","            } catch (errorCaughtBrowser) {","                return module.exports &&","                    typeof process.versions.node === 'string' &&","                    typeof require('http').createServer === 'function' &&","                    'node';","            }","        }());","        // init global","        local.global = local.modeJs === 'browser'","            ? window","            : global;","        // init utility2_rollup","        local = local.global.utility2_rollup || (local.modeJs === 'browser'","            ? local.global.utility2_npmtest_license_checker","            : global.utility2_moduleExports);","        // export local","        local.global.local = local;","    }());","    switch (local.modeJs) {","","","","    // post-init","    // run browser js-env code - post-init","    /* istanbul ignore next */","    case 'browser':","        local.testRunBrowser = function (event) {","            if (!event || (event &&","                    event.currentTarget &&","                    event.currentTarget.className &&","                    event.currentTarget.className.includes &&","                    event.currentTarget.className.includes('onreset'))) {","                // reset output","                Array.from(","                    document.querySelectorAll('body > .resettable')","                ).forEach(function (element) {","                    switch (element.tagName) {","                    case 'INPUT':","                    case 'TEXTAREA':","                        element.value = '';","                        break;","                    default:","                        element.textContent = '';","                    }","                });","            }","            switch (event && event.currentTarget && event.currentTarget.id) {","            case 'testRunButton1':","                // show tests","                if (document.querySelector('#testReportDiv1').style.display === 'none') {","                    document.querySelector('#testReportDiv1').style.display = 'block';","                    document.querySelector('#testRunButton1').textContent =","                        'hide internal test';","                    local.modeTest = true;","                    local.testRunDefault(local);","                // hide tests","                } else {","                    document.querySelector('#testReportDiv1').style.display = 'none';","                    document.querySelector('#testRunButton1').textContent = 'run internal test';","                }","                break;","            // custom-case","            default:","                break;","            }","            if (document.querySelector('#inputTextareaEval1') && (!event || (event &&","                    event.currentTarget &&","                    event.currentTarget.className &&","                    event.currentTarget.className.includes &&","                    event.currentTarget.className.includes('oneval')))) {","                // try to eval input-code","                try {","                    /*jslint evil: true*/","                    eval(document.querySelector('#inputTextareaEval1').value);","                } catch (errorCaught) {","                    console.error(errorCaught);","                }","            }","        };","        // log stderr and stdout to #outputTextareaStdout1","        ['error', 'log'].forEach(function (key) {","            console[key + '_original'] = console[key];","            console[key] = function () {","                var element;","                console[key + '_original'].apply(console, arguments);","                element = document.querySelector('#outputTextareaStdout1');","                if (!element) {","                    return;","                }","                // append text to #outputTextareaStdout1","                element.value += Array.from(arguments).map(function (arg) {","                    return typeof arg === 'string'","                        ? arg","                        : JSON.stringify(arg, null, 4);","                }).join(' ') + '\\n';","                // scroll textarea to bottom","                element.scrollTop = element.scrollHeight;","            };","        });","        // init event-handling","        ['change', 'click', 'keyup'].forEach(function (event) {","            Array.from(document.querySelectorAll('.on' + event)).forEach(function (element) {","                element.addEventListener(event, local.testRunBrowser);","            });","        });","        // run tests","        local.testRunBrowser();","        break;","","","","    // run node js-env code - post-init","    /* istanbul ignore next */","    case 'node':","        // export local","        module.exports = local;","        // require modules","        local.fs = require('fs');","        local.http = require('http');","        local.url = require('url');","        // init assets","        local.assetsDict = local.assetsDict || {};","        /* jslint-ignore-begin */","        local.assetsDict['/assets.index.template.html'] = '\\","<!doctype html>\\n\\","<html lang=\"en\">\\n\\","<head>\\n\\","<meta charset=\"UTF-8\">\\n\\","<meta name=\"viewport\" content=\"width=device-width, initial-scale=1\">\\n\\","<title>{{env.npm_package_name}} (v{{env.npm_package_version}})</title>\\n\\","<style>\\n\\","/*csslint\\n\\","    box-sizing: false,\\n\\","    universal-selector: false\\n\\","*/\\n\\","* {\\n\\","    box-sizing: border-box;\\n\\","}\\n\\","body {\\n\\","    background: #dde;\\n\\","    font-family: Arial, Helvetica, sans-serif;\\n\\","    margin: 2rem;\\n\\","}\\n\\","body > * {\\n\\","    margin-bottom: 1rem;\\n\\","}\\n\\",".utility2FooterDiv {\\n\\","    margin-top: 20px;\\n\\","    text-align: center;\\n\\","}\\n\\","</style>\\n\\","<style>\\n\\","/*csslint\\n\\","*/\\n\\","textarea {\\n\\","    font-family: monospace;\\n\\","    height: 10rem;\\n\\","    width: 100%;\\n\\","}\\n\\","textarea[readonly] {\\n\\","    background: #ddd;\\n\\","}\\n\\","</style>\\n\\","</head>\\n\\","<body>\\n\\","<!-- utility2-comment\\n\\","<div id=\"ajaxProgressDiv1\" style=\"background: #d00; height: 2px; left: 0; margin: 0; padding: 0; position: fixed; top: 0; transition: background 0.5s, width 1.5s; width: 25%;\"></div>\\n\\","utility2-comment -->\\n\\","<h1>\\n\\","<!-- utility2-comment\\n\\","    <a\\n\\","        {{#if env.npm_package_homepage}}\\n\\","        href=\"{{env.npm_package_homepage}}\"\\n\\","        {{/if env.npm_package_homepage}}\\n\\","        target=\"_blank\"\\n\\","    >\\n\\","utility2-comment -->\\n\\","        {{env.npm_package_name}} (v{{env.npm_package_version}})\\n\\","<!-- utility2-comment\\n\\","    </a>\\n\\","utility2-comment -->\\n\\","</h1>\\n\\","<h3>{{env.npm_package_description}}</h3>\\n\\","<!-- utility2-comment\\n\\","<h4><a download href=\"assets.app.js\">download standalone app</a></h4>\\n\\","<button class=\"onclick onreset\" id=\"testRunButton1\">run internal test</button><br>\\n\\","<div id=\"testReportDiv1\" style=\"display: none;\"></div>\\n\\","utility2-comment -->\\n\\","\\n\\","\\n\\","\\n\\","<label>stderr and stdout</label>\\n\\","<textarea class=\"resettable\" id=\"outputTextareaStdout1\" readonly></textarea>\\n\\","<!-- utility2-comment\\n\\","{{#if isRollup}}\\n\\","<script src=\"assets.app.js\"></script>\\n\\","{{#unless isRollup}}\\n\\","utility2-comment -->\\n\\","<script src=\"assets.utility2.rollup.js\"></script>\\n\\","<script src=\"jsonp.utility2._stateInit?callback=window.utility2._stateInit\"></script>\\n\\","<script src=\"assets.npmtest_license_checker.rollup.js\"></script>\\n\\","<script src=\"assets.example.js\"></script>\\n\\","<script src=\"assets.test.js\"></script>\\n\\","<!-- utility2-comment\\n\\","{{/if isRollup}}\\n\\","utility2-comment -->\\n\\","<div class=\"utility2FooterDiv\">\\n\\","    [ this app was created with\\n\\","    <a href=\"https://github.com/kaizhu256/node-utility2\" target=\"_blank\">utility2</a>\\n\\","    ]\\n\\","</div>\\n\\","</body>\\n\\","</html>\\n\\","';","        /* jslint-ignore-end */","        if (local.templateRender) {","            local.assetsDict['/'] = local.templateRender(","                local.assetsDict['/assets.index.template.html'],","                {","                    env: local.objectSetDefault(local.env, {","                        npm_package_description: 'the greatest app in the world!',","                        npm_package_name: 'my-app',","                        npm_package_nameAlias: 'my_app',","                        npm_package_version: '0.0.1'","                    })","                }","            );","        } else {","            local.assetsDict['/'] = local.assetsDict['/assets.index.template.html']","                .replace((/\\{\\{env\\.(\\w+?)\\}\\}/g), function (match0, match1) {","                    // jslint-hack","                    String(match0);","                    switch (match1) {","                    case 'npm_package_description':","                        return 'the greatest app in the world!';","                    case 'npm_package_name':","                        return 'my-app';","                    case 'npm_package_nameAlias':","                        return 'my_app';","                    case 'npm_package_version':","                        return '0.0.1';","                    }","                });","        }","        // run the cli","        if (local.global.utility2_rollup || module !== require.main) {","            break;","        }","        local.assetsDict['/assets.example.js'] =","            local.assetsDict['/assets.example.js'] ||","            local.fs.readFileSync(__filename, 'utf8');","        // bug-workaround - long $npm_package_buildCustomOrg","        /* jslint-ignore-begin */","        local.assetsDict['/assets.npmtest_license_checker.rollup.js'] =","            local.assetsDict['/assets.npmtest_license_checker.rollup.js'] ||","            local.fs.readFileSync(","                local.npmtest_license_checker.__dirname + '/lib.npmtest_license_checker.js',","                'utf8'","            ).replace((/^#!/), '//');","        /* jslint-ignore-end */","        local.assetsDict['/favicon.ico'] = local.assetsDict['/favicon.ico'] || '';","        // if $npm_config_timeout_exit exists,","        // then exit this process after $npm_config_timeout_exit ms","        if (Number(process.env.npm_config_timeout_exit)) {","            setTimeout(process.exit, Number(process.env.npm_config_timeout_exit));","        }","        // start server","        if (local.global.utility2_serverHttp1) {","            break;","        }","        process.env.PORT = process.env.PORT || '8081';","        console.error('server starting on port ' + process.env.PORT);","        local.http.createServer(function (request, response) {","            request.urlParsed = local.url.parse(request.url);","            if (local.assetsDict[request.urlParsed.pathname] !== undefined) {","                response.end(local.assetsDict[request.urlParsed.pathname]);","                return;","            }","            response.statusCode = 404;","            response.end();","        }).listen(process.env.PORT);","        break;","    }","}());",""],"l":{"26":2,"28":2,"33":2,"35":2,"37":2,"38":2,"39":2,"44":1,"51":2,"55":2,"59":2,"61":2,"69":1,"70":2,"76":2,"79":2,"82":2,"83":2,"85":1,"89":2,"92":1,"93":1,"94":1,"96":1,"97":1,"100":1,"101":1,"103":1,"106":1,"108":2,"114":1,"116":1,"118":1,"123":1,"124":2,"125":2,"126":3,"127":3,"128":3,"129":3,"130":1,"133":3,"134":3,"139":3,"143":1,"144":3,"145":1,"149":1,"150":1,"158":1,"160":1,"161":1,"162":1,"164":1,"166":1,"258":1,"259":1,"271":1,"274":6,"275":6,"277":1,"279":2,"281":1,"283":2,"288":1,"289":1,"291":1,"296":1,"303":1,"306":1,"307":1,"310":1,"311":1,"313":1,"314":1,"315":1,"316":1,"317":1,"318":1,"319":1,"321":1,"322":1,"324":1}},"/home/travis/build/npmtest/node-npmtest-license-checker/node_modules/license-checker/lib/index.js":{"path":"/home/travis/build/npmtest/node-npmtest-license-checker/node_modules/license-checker/lib/index.js","s":{"1":1,"2":1,"3":1,"4":1,"5":1,"6":1,"7":1,"8":1,"9":1,"10":1,"11":1,"12":1,"13":1,"14":0,"15":0,"16":0,"17":0,"18":0,"19":0,"20":0,"21":0,"22":0,"23":0,"24":0,"25":0,"26":0,"27":0,"28":0,"29":0,"30":0,"31":0,"32":0,"33":0,"34":0,"35":0,"36":0,"37":0,"38":0,"39":0,"40":0,"41":0,"42":0,"43":0,"44":0,"45":0,"46":0,"47":0,"48":0,"49":0,"50":0,"51":0,"52":0,"53":0,"54":0,"55":0,"56":0,"57":0,"58":0,"59":0,"60":0,"61":0,"62":0,"63":0,"64":0,"65":0,"66":0,"67":0,"68":0,"69":0,"70":0,"71":0,"72":0,"73":0,"74":0,"75":0,"76":0,"77":0,"78":0,"79":0,"80":0,"81":0,"82":0,"83":0,"84":0,"85":0,"86":0,"87":0,"88":0,"89":0,"90":0,"91":0,"92":0,"93":0,"94":0,"95":0,"96":0,"97":0,"98":0,"99":0,"100":0,"101":0,"102":0,"103":1,"104":0,"105":0,"106":0,"107":0,"108":0,"109":0,"110":0,"111":0,"112":0,"113":0,"114":0,"115":0,"116":0,"117":0,"118":0,"119":0,"120":0,"121":0,"122":0,"123":0,"124":0,"125":0,"126":0,"127":0,"128":0,"129":0,"130":0,"131":0,"132":0,"133":0,"134":0,"135":0,"136":0,"137":0,"138":0,"139":0,"140":1,"141":0,"142":1,"143":0,"144":1,"145":0,"146":0,"147":0,"148":0,"149":0,"150":0,"151":0,"152":0,"153":0,"154":0,"155":0,"156":0,"157":0,"158":0,"159":0,"160":0,"161":0,"162":0,"163":0,"164":0,"165":0,"166":0,"167":0,"168":0,"169":0,"170":0,"171":0,"172":0,"173":0,"174":0,"175":0,"176":0,"177":0,"178":1,"179":0,"180":0,"181":0,"182":0,"183":0,"184":0,"185":0,"186":0,"187":0,"188":0,"189":0,"190":0,"191":1,"192":0,"193":0,"194":0,"195":0,"196":0,"197":0,"198":0,"199":0,"200":1,"201":0,"202":0,"203":0,"204":0,"205":0,"206":0,"207":0,"208":0,"209":0},"b":{"1":[0,0],"2":[0,0],"3":[0,0],"4":[0,0,0,0,0],"5":[0,0],"6":[0,0],"7":[0,0],"8":[0,0],"9":[0,0],"10":[0,0],"11":[0,0],"12":[0,0],"13":[0,0],"14":[0,0],"15":[0,0],"16":[0,0],"17":[0,0],"18":[0,0],"19":[0,0,0],"20":[0,0],"21":[0,0,0],"22":[0,0],"23":[0,0],"24":[0,0],"25":[0,0],"26":[0,0],"27":[0,0],"28":[0,0],"29":[0,0],"30":[0,0,0],"31":[0,0],"32":[0,0],"33":[0,0],"34":[0,0],"35":[0,0],"36":[0,0],"37":[0,0],"38":[0,0,0],"39":[0,0],"40":[0,0],"41":[0,0],"42":[0,0],"43":[0,0],"44":[0,0],"45":[0,0],"46":[0,0],"47":[0,0],"48":[0,0],"49":[0,0],"50":[0,0],"51":[0,0],"52":[0,0],"53":[0,0],"54":[0,0],"55":[0,0],"56":[0,0],"57":[0,0],"58":[0,0],"59":[0,0],"60":[0,0],"61":[0,0],"62":[0,0],"63":[0,0],"64":[0,0],"65":[0,0],"66":[0,0],"67":[0,0],"68":[0,0],"69":[0,0],"70":[0,0],"71":[0,0],"72":[0,0],"73":[0,0],"74":[0,0],"75":[0,0],"76":[0,0],"77":[0,0],"78":[0,0],"79":[0,0],"80":[0,0],"81":[0,0],"82":[0,0],"83":[0,0],"84":[0,0],"85":[0,0],"86":[0,0]},"f":{"1":0,"2":0,"3":0,"4":0,"5":0,"6":0,"7":0,"8":0,"9":0,"10":0,"11":0,"12":0,"13":0,"14":0,"15":0,"16":0,"17":0,"18":0,"19":0,"20":0,"21":0,"22":0,"23":0,"24":0,"25":0,"26":0,"27":0},"fnMap":{"1":{"name":"(anonymous_1)","line":23,"loc":{"start":{"line":23,"column":14},"end":{"line":23,"column":32}}},"2":{"name":"forEachCallback","line":89,"loc":{"start":{"line":89,"column":50},"end":{"line":89,"column":81}},"skip":true},"3":{"name":"(anonymous_3)","line":113,"loc":{"start":{"line":113,"column":50},"end":{"line":113,"column":67}}},"4":{"name":"(anonymous_4)","line":141,"loc":{"start":{"line":141,"column":32},"end":{"line":141,"column":51}}},"5":{"name":"(anonymous_5)","line":146,"loc":{"start":{"line":146,"column":38},"end":{"line":146,"column":57}}},"6":{"name":"(anonymous_6)","line":153,"loc":{"start":{"line":153,"column":18},"end":{"line":153,"column":37}}},"7":{"name":"(anonymous_7)","line":174,"loc":{"start":{"line":174,"column":24},"end":{"line":174,"column":43}}},"8":{"name":"(anonymous_8)","line":184,"loc":{"start":{"line":184,"column":47},"end":{"line":184,"column":62}}},"9":{"name":"(anonymous_9)","line":208,"loc":{"start":{"line":208,"column":15},"end":{"line":208,"column":43}}},"10":{"name":"(anonymous_10)","line":223,"loc":{"start":{"line":223,"column":30},"end":{"line":223,"column":50}}},"11":{"name":"(anonymous_11)","line":237,"loc":{"start":{"line":237,"column":89},"end":{"line":237,"column":107}}},"12":{"name":"(anonymous_12)","line":242,"loc":{"start":{"line":242,"column":41},"end":{"line":242,"column":56}}},"13":{"name":"(anonymous_13)","line":276,"loc":{"start":{"line":276,"column":40},"end":{"line":276,"column":55}}},"14":{"name":"(anonymous_14)","line":300,"loc":{"start":{"line":300,"column":16},"end":{"line":300,"column":33}}},"15":{"name":"(anonymous_15)","line":304,"loc":{"start":{"line":304,"column":17},"end":{"line":304,"column":34}}},"16":{"name":"(anonymous_16)","line":308,"loc":{"start":{"line":308,"column":16},"end":{"line":308,"column":67}}},"17":{"name":"forEachCallback","line":317,"loc":{"start":{"line":317,"column":42},"end":{"line":317,"column":73}}},"18":{"name":"(anonymous_18)","line":324,"loc":{"start":{"line":324,"column":61},"end":{"line":324,"column":76}}},"19":{"name":"(anonymous_19)","line":330,"loc":{"start":{"line":330,"column":32},"end":{"line":330,"column":46}}},"20":{"name":"forEachCallback","line":341,"loc":{"start":{"line":341,"column":46},"end":{"line":341,"column":77}}},"21":{"name":"(anonymous_21)","line":369,"loc":{"start":{"line":369,"column":21},"end":{"line":369,"column":52}}},"22":{"name":"sortedCallback","line":373,"loc":{"start":{"line":373,"column":36},"end":{"line":373,"column":72}}},"23":{"name":"customCallback","line":375,"loc":{"start":{"line":375,"column":46},"end":{"line":375,"column":82}}},"24":{"name":"(anonymous_24)","line":381,"loc":{"start":{"line":381,"column":36},"end":{"line":381,"column":50}}},"25":{"name":"(anonymous_25)","line":391,"loc":{"start":{"line":391,"column":20},"end":{"line":391,"column":39}}},"26":{"name":"(anonymous_26)","line":409,"loc":{"start":{"line":409,"column":18},"end":{"line":409,"column":41}}},"27":{"name":"(anonymous_27)","line":411,"loc":{"start":{"line":411,"column":30},"end":{"line":411,"column":52}}}},"statementMap":{"1":{"start":{"line":7,"column":0},"end":{"line":7,"column":24}},"2":{"start":{"line":8,"column":0},"end":{"line":8,"column":23}},"3":{"start":{"line":9,"column":0},"end":{"line":9,"column":27}},"4":{"start":{"line":10,"column":0},"end":{"line":10,"column":37}},"5":{"start":{"line":11,"column":0},"end":{"line":11,"column":29}},"6":{"start":{"line":12,"column":0},"end":{"line":12,"column":33}},"7":{"start":{"line":13,"column":0},"end":{"line":13,"column":35}},"8":{"start":{"line":14,"column":0},"end":{"line":14,"column":29}},"9":{"start":{"line":15,"column":0},"end":{"line":15,"column":31}},"10":{"start":{"line":19,"column":0},"end":{"line":19,"column":48}},"11":{"start":{"line":20,"column":0},"end":{"line":20,"column":44}},"12":{"start":{"line":21,"column":0},"end":{"line":21,"column":41}},"13":{"start":{"line":23,"column":0},"end":{"line":206,"column":2}},"14":{"start":{"line":24,"column":4},"end":{"line":31,"column":73}},"15":{"start":{"line":34,"column":4},"end":{"line":37,"column":5},"skip":true},"16":{"start":{"line":35,"column":8},"end":{"line":35,"column":59},"skip":true},"17":{"start":{"line":36,"column":8},"end":{"line":36,"column":81},"skip":true},"18":{"start":{"line":44,"column":4},"end":{"line":46,"column":5},"skip":true},"19":{"start":{"line":45,"column":8},"end":{"line":45,"column":20},"skip":true},"20":{"start":{"line":48,"column":4},"end":{"line":50,"column":5}},"21":{"start":{"line":49,"column":8},"end":{"line":49,"column":20}},"22":{"start":{"line":52,"column":4},"end":{"line":52,"column":27}},"23":{"start":{"line":54,"column":4},"end":{"line":62,"column":5}},"24":{"start":{"line":56,"column":8},"end":{"line":61,"column":9}},"25":{"start":{"line":57,"column":12},"end":{"line":57,"column":112}},"26":{"start":{"line":58,"column":12},"end":{"line":58,"column":134}},"27":{"start":{"line":59,"column":12},"end":{"line":59,"column":128}},"28":{"start":{"line":60,"column":12},"end":{"line":60,"column":128}},"29":{"start":{"line":63,"column":4},"end":{"line":68,"column":5}},"30":{"start":{"line":65,"column":8},"end":{"line":67,"column":9},"skip":true},"31":{"start":{"line":66,"column":12},"end":{"line":66,"column":42},"skip":true},"32":{"start":{"line":69,"column":4},"end":{"line":80,"column":5}},"33":{"start":{"line":71,"column":8},"end":{"line":73,"column":9}},"34":{"start":{"line":72,"column":12},"end":{"line":72,"column":52}},"35":{"start":{"line":74,"column":8},"end":{"line":76,"column":9}},"36":{"start":{"line":75,"column":12},"end":{"line":75,"column":49}},"37":{"start":{"line":77,"column":8},"end":{"line":79,"column":9}},"38":{"start":{"line":78,"column":12},"end":{"line":78,"column":45}},"39":{"start":{"line":83,"column":4},"end":{"line":85,"column":5},"skip":true},"40":{"start":{"line":84,"column":8},"end":{"line":84,"column":46},"skip":true},"41":{"start":{"line":88,"column":4},"end":{"line":99,"column":5},"skip":true},"42":{"start":{"line":89,"column":8},"end":{"line":98,"column":11},"skip":true},"43":{"start":{"line":90,"column":12},"end":{"line":97,"column":13},"skip":true},"44":{"start":{"line":92,"column":16},"end":{"line":94,"column":17},"skip":true},"45":{"start":{"line":93,"column":20},"end":{"line":93,"column":50},"skip":true},"46":{"start":{"line":96,"column":16},"end":{"line":96,"column":62},"skip":true},"47":{"start":{"line":101,"column":4},"end":{"line":101,"column":61}},"48":{"start":{"line":103,"column":4},"end":{"line":108,"column":5}},"49":{"start":{"line":104,"column":8},"end":{"line":104,"column":55}},"50":{"start":{"line":105,"column":8},"end":{"line":107,"column":9}},"51":{"start":{"line":106,"column":12},"end":{"line":106,"column":73}},"52":{"start":{"line":110,"column":4},"end":{"line":129,"column":5}},"53":{"start":{"line":112,"column":8},"end":{"line":126,"column":9}},"54":{"start":{"line":113,"column":12},"end":{"line":121,"column":15}},"55":{"start":{"line":115,"column":16},"end":{"line":120,"column":17}},"56":{"start":{"line":117,"column":20},"end":{"line":117,"column":56},"skip":true},"57":{"start":{"line":118,"column":23},"end":{"line":120,"column":17},"skip":true},"58":{"start":{"line":119,"column":20},"end":{"line":119,"column":35},"skip":true},"59":{"start":{"line":122,"column":15},"end":{"line":126,"column":9},"skip":true},"60":{"start":{"line":123,"column":12},"end":{"line":123,"column":71},"skip":true},"61":{"start":{"line":124,"column":15},"end":{"line":126,"column":9},"skip":true},"62":{"start":{"line":125,"column":12},"end":{"line":125,"column":46},"skip":true},"63":{"start":{"line":127,"column":11},"end":{"line":129,"column":5}},"64":{"start":{"line":128,"column":8},"end":{"line":128,"column":51}},"65":{"start":{"line":131,"column":4},"end":{"line":136,"column":5}},"66":{"start":{"line":133,"column":8},"end":{"line":135,"column":9}},"67":{"start":{"line":134,"column":12},"end":{"line":134,"column":57}},"68":{"start":{"line":139,"column":4},"end":{"line":151,"column":5}},"69":{"start":{"line":140,"column":8},"end":{"line":140,"column":45}},"70":{"start":{"line":141,"column":8},"end":{"line":145,"column":11}},"71":{"start":{"line":142,"column":12},"end":{"line":142,"column":46}},"72":{"start":{"line":143,"column":12},"end":{"line":143,"column":83}},"73":{"start":{"line":144,"column":12},"end":{"line":144,"column":82}},"74":{"start":{"line":146,"column":8},"end":{"line":150,"column":11}},"75":{"start":{"line":147,"column":12},"end":{"line":147,"column":46}},"76":{"start":{"line":148,"column":12},"end":{"line":148,"column":83}},"77":{"start":{"line":149,"column":12},"end":{"line":149,"column":37}},"78":{"start":{"line":153,"column":4},"end":{"line":172,"column":7}},"79":{"start":{"line":154,"column":8},"end":{"line":154,"column":53}},"80":{"start":{"line":157,"column":8},"end":{"line":171,"column":9}},"81":{"start":{"line":158,"column":12},"end":{"line":158,"column":24}},"82":{"start":{"line":159,"column":12},"end":{"line":163,"column":13}},"83":{"start":{"line":161,"column":16},"end":{"line":161,"column":75}},"84":{"start":{"line":162,"column":16},"end":{"line":162,"column":55}},"85":{"start":{"line":164,"column":12},"end":{"line":164,"column":115}},"86":{"start":{"line":165,"column":12},"end":{"line":167,"column":13}},"87":{"start":{"line":166,"column":16},"end":{"line":166,"column":86}},"88":{"start":{"line":168,"column":12},"end":{"line":170,"column":13}},"89":{"start":{"line":169,"column":16},"end":{"line":169,"column":102}},"90":{"start":{"line":174,"column":4},"end":{"line":180,"column":7}},"91":{"start":{"line":175,"column":8},"end":{"line":175,"column":50}},"92":{"start":{"line":177,"column":8},"end":{"line":179,"column":9}},"93":{"start":{"line":178,"column":12},"end":{"line":178,"column":100}},"94":{"start":{"line":183,"column":4},"end":{"line":201,"column":5}},"95":{"start":{"line":184,"column":8},"end":{"line":200,"column":11}},"96":{"start":{"line":185,"column":12},"end":{"line":186,"column":80}},"97":{"start":{"line":187,"column":12},"end":{"line":189,"column":13}},"98":{"start":{"line":188,"column":16},"end":{"line":188,"column":23}},"99":{"start":{"line":190,"column":12},"end":{"line":199,"column":15}},"100":{"start":{"line":202,"column":4},"end":{"line":204,"column":5}},"101":{"start":{"line":203,"column":8},"end":{"line":203,"column":25}},"102":{"start":{"line":205,"column":4},"end":{"line":205,"column":16}},"103":{"start":{"line":208,"column":0},"end":{"line":298,"column":2}},"104":{"start":{"line":209,"column":4},"end":{"line":209,"column":43}},"105":{"start":{"line":211,"column":4},"end":{"line":213,"column":5}},"106":{"start":{"line":212,"column":8},"end":{"line":212,"column":66}},"107":{"start":{"line":214,"column":4},"end":{"line":217,"column":6}},"108":{"start":{"line":219,"column":4},"end":{"line":221,"column":5}},"109":{"start":{"line":220,"column":8},"end":{"line":220,"column":25}},"110":{"start":{"line":223,"column":4},"end":{"line":297,"column":7}},"111":{"start":{"line":224,"column":8},"end":{"line":240,"column":30}},"112":{"start":{"line":238,"column":16},"end":{"line":238,"column":78}},"113":{"start":{"line":242,"column":8},"end":{"line":274,"column":11}},"114":{"start":{"line":243,"column":12},"end":{"line":250,"column":13}},"115":{"start":{"line":245,"column":16},"end":{"line":249,"column":17},"skip":true},"116":{"start":{"line":246,"column":20},"end":{"line":246,"column":66},"skip":true},"117":{"start":{"line":248,"column":20},"end":{"line":248,"column":50},"skip":true},"118":{"start":{"line":251,"column":12},"end":{"line":262,"column":13}},"119":{"start":{"line":252,"column":16},"end":{"line":261,"column":17}},"120":{"start":{"line":253,"column":20},"end":{"line":260,"column":21}},"121":{"start":{"line":255,"column":24},"end":{"line":259,"column":25}},"122":{"start":{"line":256,"column":28},"end":{"line":256,"column":74},"skip":true},"123":{"start":{"line":258,"column":28},"end":{"line":258,"column":58}},"124":{"start":{"line":264,"column":12},"end":{"line":273,"column":13}},"125":{"start":{"line":265,"column":16},"end":{"line":272,"column":17}},"126":{"start":{"line":266,"column":20},"end":{"line":269,"column":21}},"127":{"start":{"line":268,"column":24},"end":{"line":268,"column":50}},"128":{"start":{"line":271,"column":20},"end":{"line":271,"column":46}},"129":{"start":{"line":275,"column":8},"end":{"line":283,"column":9}},"130":{"start":{"line":276,"column":12},"end":{"line":280,"column":15}},"131":{"start":{"line":277,"column":16},"end":{"line":279,"column":17}},"132":{"start":{"line":278,"column":20},"end":{"line":278,"column":50}},"133":{"start":{"line":282,"column":12},"end":{"line":282,"column":30}},"134":{"start":{"line":285,"column":8},"end":{"line":287,"column":9}},"135":{"start":{"line":286,"column":12},"end":{"line":286,"column":64}},"136":{"start":{"line":290,"column":8},"end":{"line":293,"column":9},"skip":true},"137":{"start":{"line":291,"column":12},"end":{"line":291,"column":28},"skip":true},"138":{"start":{"line":292,"column":12},"end":{"line":292,"column":29},"skip":true},"139":{"start":{"line":296,"column":8},"end":{"line":296,"column":39}},"140":{"start":{"line":300,"column":0},"end":{"line":302,"column":2}},"141":{"start":{"line":301,"column":4},"end":{"line":301,"column":40}},"142":{"start":{"line":304,"column":0},"end":{"line":306,"column":2}},"143":{"start":{"line":305,"column":4},"end":{"line":305,"column":40}},"144":{"start":{"line":308,"column":0},"end":{"line":360,"column":2}},"145":{"start":{"line":309,"column":4},"end":{"line":309,"column":49}},"146":{"start":{"line":310,"column":4},"end":{"line":310,"column":35}},"147":{"start":{"line":311,"column":4},"end":{"line":311,"column":36}},"148":{"start":{"line":313,"column":4},"end":{"line":328,"column":5}},"149":{"start":{"line":314,"column":8},"end":{"line":314,"column":22}},"150":{"start":{"line":315,"column":8},"end":{"line":315,"column":61}},"151":{"start":{"line":315,"column":34},"end":{"line":315,"column":59}},"152":{"start":{"line":316,"column":8},"end":{"line":316,"column":38}},"153":{"start":{"line":317,"column":8},"end":{"line":319,"column":11}},"154":{"start":{"line":318,"column":12},"end":{"line":318,"column":43}},"155":{"start":{"line":320,"column":8},"end":{"line":320,"column":37}},"156":{"start":{"line":322,"column":8},"end":{"line":322,"column":21}},"157":{"start":{"line":323,"column":8},"end":{"line":323,"column":61}},"158":{"start":{"line":323,"column":34},"end":{"line":323,"column":59}},"159":{"start":{"line":324,"column":8},"end":{"line":326,"column":11}},"160":{"start":{"line":325,"column":12},"end":{"line":325,"column":31}},"161":{"start":{"line":327,"column":8},"end":{"line":327,"column":37}},"162":{"start":{"line":330,"column":4},"end":{"line":357,"column":7}},"163":{"start":{"line":331,"column":8},"end":{"line":332,"column":18}},"164":{"start":{"line":333,"column":8},"end":{"line":333,"column":22}},"165":{"start":{"line":336,"column":8},"end":{"line":355,"column":9}},"166":{"start":{"line":337,"column":12},"end":{"line":339,"column":13}},"167":{"start":{"line":338,"column":16},"end":{"line":338,"column":45}},"168":{"start":{"line":340,"column":12},"end":{"line":340,"column":42}},"169":{"start":{"line":341,"column":12},"end":{"line":343,"column":15}},"170":{"start":{"line":342,"column":16},"end":{"line":342,"column":55}},"171":{"start":{"line":344,"column":12},"end":{"line":344,"column":37}},"172":{"start":{"line":346,"column":12},"end":{"line":348,"column":13}},"173":{"start":{"line":347,"column":16},"end":{"line":347,"column":45}},"174":{"start":{"line":349,"column":12},"end":{"line":353,"column":15}},"175":{"start":{"line":354,"column":12},"end":{"line":354,"column":37}},"176":{"start":{"line":356,"column":8},"end":{"line":356,"column":24}},"177":{"start":{"line":359,"column":4},"end":{"line":359,"column":27}},"178":{"start":{"line":369,"column":0},"end":{"line":389,"column":2}},"179":{"start":{"line":371,"column":4},"end":{"line":371,"column":18}},"180":{"start":{"line":372,"column":4},"end":{"line":386,"column":5}},"181":{"start":{"line":373,"column":8},"end":{"line":378,"column":11}},"182":{"start":{"line":374,"column":12},"end":{"line":374,"column":92}},"183":{"start":{"line":375,"column":12},"end":{"line":377,"column":15}},"184":{"start":{"line":376,"column":16},"end":{"line":376,"column":90}},"185":{"start":{"line":379,"column":8},"end":{"line":379,"column":31}},"186":{"start":{"line":381,"column":8},"end":{"line":384,"column":11}},"187":{"start":{"line":382,"column":12},"end":{"line":382,"column":37}},"188":{"start":{"line":383,"column":12},"end":{"line":383,"column":87}},"189":{"start":{"line":385,"column":8},"end":{"line":385,"column":31}},"190":{"start":{"line":388,"column":4},"end":{"line":388,"column":16}},"191":{"start":{"line":391,"column":0},"end":{"line":407,"column":2}},"192":{"start":{"line":392,"column":4},"end":{"line":394,"column":5}},"193":{"start":{"line":393,"column":8},"end":{"line":393,"column":51}},"194":{"start":{"line":396,"column":4},"end":{"line":397,"column":21}},"195":{"start":{"line":399,"column":4},"end":{"line":406,"column":5}},"196":{"start":{"line":400,"column":8},"end":{"line":400,"column":73}},"197":{"start":{"line":401,"column":8},"end":{"line":401,"column":46}},"198":{"start":{"line":403,"column":8},"end":{"line":403,"column":21}},"199":{"start":{"line":405,"column":6},"end":{"line":405,"column":20}},"200":{"start":{"line":409,"column":0},"end":{"line":424,"column":2}},"201":{"start":{"line":410,"column":4},"end":{"line":410,"column":24}},"202":{"start":{"line":411,"column":4},"end":{"line":423,"column":7}},"203":{"start":{"line":412,"column":8},"end":{"line":413,"column":47}},"204":{"start":{"line":415,"column":8},"end":{"line":422,"column":9}},"205":{"start":{"line":416,"column":12},"end":{"line":416,"column":56}},"206":{"start":{"line":417,"column":12},"end":{"line":417,"column":96}},"207":{"start":{"line":418,"column":12},"end":{"line":418,"column":53}},"208":{"start":{"line":419,"column":12},"end":{"line":419,"column":60}},"209":{"start":{"line":421,"column":12},"end":{"line":421,"column":69}}},"branchMap":{"1":{"line":34,"type":"if","locations":[{"start":{"line":34,"column":4},"end":{"line":34,"column":4},"skip":true},{"start":{"line":34,"column":4},"end":{"line":34,"column":4},"skip":true}]},"2":{"line":44,"type":"if","locations":[{"start":{"line":44,"column":4},"end":{"line":44,"column":4},"skip":true},{"start":{"line":44,"column":4},"end":{"line":44,"column":4},"skip":true}]},"3":{"line":48,"type":"if","locations":[{"start":{"line":48,"column":4},"end":{"line":48,"column":4}},{"start":{"line":48,"column":4},"end":{"line":48,"column":4}}]},"4":{"line":48,"type":"binary-expr","locations":[{"start":{"line":48,"column":9},"end":{"line":48,"column":27}},{"start":{"line":48,"column":31},"end":{"line":48,"column":46}},{"start":{"line":48,"column":52},"end":{"line":48,"column":71}},{"start":{"line":48,"column":75},"end":{"line":48,"column":91}},{"start":{"line":48,"column":95},"end":{"line":48,"column":105}}]},"5":{"line":54,"type":"if","locations":[{"start":{"line":54,"column":4},"end":{"line":54,"column":4}},{"start":{"line":54,"column":4},"end":{"line":54,"column":4}}]},"6":{"line":56,"type":"if","locations":[{"start":{"line":56,"column":8},"end":{"line":56,"column":8}},{"start":{"line":56,"column":8},"end":{"line":56,"column":8},"skip":true}]},"7":{"line":56,"type":"binary-expr","locations":[{"start":{"line":56,"column":12},"end":{"line":56,"column":47}},{"start":{"line":56,"column":51},"end":{"line":56,"column":90}}]},"8":{"line":63,"type":"if","locations":[{"start":{"line":63,"column":4},"end":{"line":63,"column":4}},{"start":{"line":63,"column":4},"end":{"line":63,"column":4}}]},"9":{"line":65,"type":"if","locations":[{"start":{"line":65,"column":8},"end":{"line":65,"column":8},"skip":true},{"start":{"line":65,"column":8},"end":{"line":65,"column":8},"skip":true}]},"10":{"line":69,"type":"if","locations":[{"start":{"line":69,"column":4},"end":{"line":69,"column":4}},{"start":{"line":69,"column":4},"end":{"line":69,"column":4}}]},"11":{"line":69,"type":"binary-expr","locations":[{"start":{"line":69,"column":8},"end":{"line":69,"column":19}},{"start":{"line":69,"column":23},"end":{"line":69,"column":54}}]},"12":{"line":71,"type":"if","locations":[{"start":{"line":71,"column":8},"end":{"line":71,"column":8}},{"start":{"line":71,"column":8},"end":{"line":71,"column":8},"skip":true}]},"13":{"line":74,"type":"if","locations":[{"start":{"line":74,"column":8},"end":{"line":74,"column":8}},{"start":{"line":74,"column":8},"end":{"line":74,"column":8}}]},"14":{"line":77,"type":"if","locations":[{"start":{"line":77,"column":8},"end":{"line":77,"column":8}},{"start":{"line":77,"column":8},"end":{"line":77,"column":8}}]},"15":{"line":83,"type":"if","locations":[{"start":{"line":83,"column":4},"end":{"line":83,"column":4},"skip":true},{"start":{"line":83,"column":4},"end":{"line":83,"column":4},"skip":true}]},"16":{"line":88,"type":"if","locations":[{"start":{"line":88,"column":4},"end":{"line":88,"column":4},"skip":true},{"start":{"line":88,"column":4},"end":{"line":88,"column":4},"skip":true}]},"17":{"line":90,"type":"if","locations":[{"start":{"line":90,"column":12},"end":{"line":90,"column":12},"skip":true},{"start":{"line":90,"column":12},"end":{"line":90,"column":12},"skip":true}]},"18":{"line":92,"type":"if","locations":[{"start":{"line":92,"column":16},"end":{"line":92,"column":16},"skip":true},{"start":{"line":92,"column":16},"end":{"line":92,"column":16},"skip":true}]},"19":{"line":101,"type":"binary-expr","locations":[{"start":{"line":101,"column":18},"end":{"line":101,"column":30}},{"start":{"line":101,"column":34},"end":{"line":101,"column":47}},{"start":{"line":101,"column":51},"end":{"line":101,"column":60}}]},"20":{"line":103,"type":"if","locations":[{"start":{"line":103,"column":4},"end":{"line":103,"column":4}},{"start":{"line":103,"column":4},"end":{"line":103,"column":4}}]},"21":{"line":103,"type":"binary-expr","locations":[{"start":{"line":103,"column":8},"end":{"line":103,"column":17}},{"start":{"line":103,"column":22},"end":{"line":103,"column":34}},{"start":{"line":103,"column":38},"end":{"line":103,"column":100}}]},"22":{"line":105,"type":"if","locations":[{"start":{"line":105,"column":8},"end":{"line":105,"column":8}},{"start":{"line":105,"column":8},"end":{"line":105,"column":8}}]},"23":{"line":110,"type":"if","locations":[{"start":{"line":110,"column":4},"end":{"line":110,"column":4}},{"start":{"line":110,"column":4},"end":{"line":110,"column":4}}]},"24":{"line":112,"type":"if","locations":[{"start":{"line":112,"column":8},"end":{"line":112,"column":8}},{"start":{"line":112,"column":8},"end":{"line":112,"column":8},"skip":true}]},"25":{"line":112,"type":"binary-expr","locations":[{"start":{"line":112,"column":12},"end":{"line":112,"column":38}},{"start":{"line":112,"column":42},"end":{"line":112,"column":64}}]},"26":{"line":115,"type":"if","locations":[{"start":{"line":115,"column":16},"end":{"line":115,"column":16}},{"start":{"line":115,"column":16},"end":{"line":115,"column":16},"skip":true}]},"27":{"line":117,"type":"binary-expr","locations":[{"start":{"line":117,"column":27},"end":{"line":117,"column":39},"skip":true},{"start":{"line":117,"column":43},"end":{"line":117,"column":55},"skip":true}]},"28":{"line":118,"type":"if","locations":[{"start":{"line":118,"column":23},"end":{"line":118,"column":23},"skip":true},{"start":{"line":118,"column":23},"end":{"line":118,"column":23},"skip":true}]},"29":{"line":122,"type":"if","locations":[{"start":{"line":122,"column":15},"end":{"line":122,"column":15},"skip":true},{"start":{"line":122,"column":15},"end":{"line":122,"column":15},"skip":true}]},"30":{"line":122,"type":"binary-expr","locations":[{"start":{"line":122,"column":19},"end":{"line":122,"column":50},"skip":true},{"start":{"line":122,"column":55},"end":{"line":122,"column":71},"skip":true},{"start":{"line":122,"column":75},"end":{"line":122,"column":91},"skip":true}]},"31":{"line":123,"type":"binary-expr","locations":[{"start":{"line":123,"column":34},"end":{"line":123,"column":50},"skip":true},{"start":{"line":123,"column":54},"end":{"line":123,"column":70},"skip":true}]},"32":{"line":124,"type":"if","locations":[{"start":{"line":124,"column":15},"end":{"line":124,"column":15},"skip":true},{"start":{"line":124,"column":15},"end":{"line":124,"column":15},"skip":true}]},"33":{"line":127,"type":"if","locations":[{"start":{"line":127,"column":11},"end":{"line":127,"column":11}},{"start":{"line":127,"column":11},"end":{"line":127,"column":11}}]},"34":{"line":131,"type":"if","locations":[{"start":{"line":131,"column":4},"end":{"line":131,"column":4}},{"start":{"line":131,"column":4},"end":{"line":131,"column":4}}]},"35":{"line":133,"type":"if","locations":[{"start":{"line":133,"column":8},"end":{"line":133,"column":8}},{"start":{"line":133,"column":8},"end":{"line":133,"column":8},"skip":true}]},"36":{"line":139,"type":"if","locations":[{"start":{"line":139,"column":4},"end":{"line":139,"column":4}},{"start":{"line":139,"column":4},"end":{"line":139,"column":4},"skip":true}]},"37":{"line":139,"type":"binary-expr","locations":[{"start":{"line":139,"column":8},"end":{"line":139,"column":17}},{"start":{"line":139,"column":21},"end":{"line":139,"column":45}}]},"38":{"line":144,"type":"binary-expr","locations":[{"start":{"line":144,"column":19},"end":{"line":144,"column":37}},{"start":{"line":144,"column":41},"end":{"line":144,"column":59}},{"start":{"line":144,"column":63},"end":{"line":144,"column":81}}]},"39":{"line":157,"type":"if","locations":[{"start":{"line":157,"column":8},"end":{"line":157,"column":8}},{"start":{"line":157,"column":8},"end":{"line":157,"column":8},"skip":true}]},"40":{"line":159,"type":"if","locations":[{"start":{"line":159,"column":12},"end":{"line":159,"column":12}},{"start":{"line":159,"column":12},"end":{"line":159,"column":12}}]},"41":{"line":159,"type":"binary-expr","locations":[{"start":{"line":159,"column":16},"end":{"line":159,"column":36}},{"start":{"line":159,"column":40},"end":{"line":159,"column":81}}]},"42":{"line":164,"type":"cond-expr","locations":[{"start":{"line":164,"column":56},"end":{"line":164,"column":100}},{"start":{"line":164,"column":103},"end":{"line":164,"column":114}}]},"43":{"line":165,"type":"if","locations":[{"start":{"line":165,"column":12},"end":{"line":165,"column":12}},{"start":{"line":165,"column":12},"end":{"line":165,"column":12}}]},"44":{"line":168,"type":"if","locations":[{"start":{"line":168,"column":12},"end":{"line":168,"column":12}},{"start":{"line":168,"column":12},"end":{"line":168,"column":12}}]},"45":{"line":177,"type":"if","locations":[{"start":{"line":177,"column":8},"end":{"line":177,"column":8}},{"start":{"line":177,"column":8},"end":{"line":177,"column":8},"skip":true}]},"46":{"line":178,"type":"cond-expr","locations":[{"start":{"l
[...]
,"column":22}},"23":{"start":{"line":27,"column":11},"end":{"line":44,"column":5}},"24":{"start":{"line":29,"column":8},"end":{"line":29,"column":34}},"25":{"start":{"line":30,"column":11},"end":{"line":44,"column":5}},"26":{"start":{"line":31,"column":8},"end":{"line":31,"column":24}},"27":{"start":{"line":32,"column":11},"end":{"line":44,"column":5}},"28":{"start":{"line":33,"column":8},"end":{"line":33,"column":22}},"29":{"start":{"line":34,"column":11},"end":{"line":44,"column":5}},"30":{"start":{"line":35,"column":8},"end":{"line":35,"column":22}},"31":{"start":{"line":36,"column":11},"end":{"line":44,"column":5}},"32":{"start":{"line":37,"column":8},"end":{"line":37,"column":22}},"33":{"start":{"line":38,"column":11},"end":{"line":44,"column":5}},"34":{"start":{"line":39,"column":8},"end":{"line":39,"column":24}},"35":{"start":{"line":40,"column":11},"end":{"line":44,"column":5}},"36":{"start":{"line":41,"column":8},"end":{"line":41,"column":25}},"37":{"start":{"line":42,"column":11},"end":{"line":44,"column":5}},"38":{"start":{"line":43,"column":8},"end":{"line":43,"column":26}},"39":{"start":{"line":45,"column":4},"end":{"line":45,"column":16}}},"branchMap":{"1":{"line":16,"type":"if","locations":[{"start":{"line":16,"column":4},"end":{"line":16,"column":4}},{"start":{"line":16,"column":4},"end":{"line":16,"column":4}}]},"2":{"line":19,"type":"if","locations":[{"start":{"line":19,"column":4},"end":{"line":19,"column":4}},{"start":{"line":19,"column":4},"end":{"line":19,"column":4}}]},"3":{"line":19,"type":"binary-expr","locations":[{"start":{"line":19,"column":8},"end":{"line":19,"column":34}},{"start":{"line":19,"column":38},"end":{"line":19,"column":42}}]},"4":{"line":21,"type":"if","locations":[{"start":{"line":21,"column":11},"end":{"line":21,"column":11}},{"start":{"line":21,"column":11},"end":{"line":21,"column":11}}]},"5":{"line":23,"type":"if","locations":[{"start":{"line":23,"column":11},"end":{"line":23,"column":11}},{"start":{"line":23,"column":11},"end":{"line":23,"column":11}}]},"6":{"line":25,"type":"if","locations":[{"start":{"line":25,"column":11},"end":{"line":25,"column":11}},{"start":{"line":25,"column":11},"end":{"line":25,"column":11}}]},"7":{"line":27,"type":"if","locations":[{"start":{"line":27,"column":11},"end":{"line":27,"column":11}},{"start":{"line":27,"column":11},"end":{"line":27,"column":11}}]},"8":{"line":30,"type":"if","locations":[{"start":{"line":30,"column":11},"end":{"line":30,"column":11}},{"start":{"line":30,"column":11},"end":{"line":30,"column":11}}]},"9":{"line":32,"type":"if","locations":[{"start":{"line":32,"column":11},"end":{"line":32,"column":11}},{"start":{"line":32,"column":11},"end":{"line":32,"column":11}}]},"10":{"line":34,"type":"if","locations":[{"start":{"line":34,"column":11},"end":{"line":34,"column":11}},{"start":{"line":34,"column":11},"end":{"line":34,"column":11}}]},"11":{"line":36,"type":"if","locations":[{"start":{"line":36,"column":11},"end":{"line":36,"column":11}},{"start":{"line":36,"column":11},"end":{"line":36,"column":11}}]},"12":{"line":38,"type":"if","locations":[{"start":{"line":38,"column":11},"end":{"line":38,"column":11}},{"start":{"line":38,"column":11},"end":{"line":38,"column":11}}]},"13":{"line":40,"type":"if","locations":[{"start":{"line":40,"column":11},"end":{"line":40,"column":11}},{"start":{"line":40,"column":11},"end":{"line":40,"column":11}}]},"14":{"line":42,"type":"if","locations":[{"start":{"line":42,"column":11},"end":{"line":42,"column":11}},{"start":{"line":42,"column":11},"end":{"line":42,"column":11}}]}},"code":["var MIT_LICENSE = /ermission is hereby granted, free of charge, to any/;","var BSD_LICENSE = /edistribution and use in source and binary forms, with or withou/;","var BSD_SOURCE_CODE_LICENSE = /edistribution and use of this software in source and binary forms, with or withou/;","var WTFPL_LICENSE = /DO WHAT THE FUCK YOU WANT TO PUBLIC LICENSE/;","var ISC_LICENSE = /The ISC License/;","var MIT = /MIT\\b/;","var BSD = /BSD\\b/;","var ISC = /ISC\\b/;","var APACHE = /Apache License\\b/;","var WTFPL = /WTFPL\\b/;","// https://creativecommons.org/publicdomain/zero/1.0/","var CC0_1_0 = /The\\s+person\\s+who\\s+associated\\s+a\\s+work\\s+with\\s+this\\s+deed\\s+has\\s+dedicated\\s+the\\s+work\\s+to\\s+the\\s+public\\s+domain\\s+by\\s+waiving\\s+all\\s+of\\s+his\\s+or\\s+her\\s+rights\\s+to\\s+the\\s+work\\s+worldwide\\s+under\\s+copyright\\s+law,\\s+including\\s+all\\s+related\\s+and\\s+neighboring\\s+rights,\\s+to\\s+the\\s+extent\\s+allowed\\s+by\\s+law.\\s+You\\s+can\\s+copy,\\s+modify,\\s+distribute\\s+and\\s+perform\\s+the\\s+work,\\s+even\\s+for\\s+commercial\\s+purposes,\\s+all\\s+without\\s+asking\\s+permission./i; // jshint ignore:line","","","module.exports = function(str) {","    if (str) {","        str = str.replace('\\n', '');","    }","    if (typeof str === 'undefined' || !str) {","        return 'Undefined';","    } else if (ISC_LICENSE.test(str)) {","        return 'ISC*';","    } else if (MIT_LICENSE.test(str)) {","        return 'MIT*';","    } else if (BSD_LICENSE.test(str)) {","        return 'BSD*';","    } else if (BSD_SOURCE_CODE_LICENSE.test(str)) {","        // https://spdx.org/licenses/BSD-Source-Code.html","        return 'BSD-Source-Code*';","    } else if (WTFPL_LICENSE.test(str)) {","        return 'WTFPL*';","    } else if (ISC.test(str)) {","        return 'ISC*';","    } else if (MIT.test(str)) {","        return 'MIT*';","    } else if (BSD.test(str)) {","        return 'BSD*';","    } else if (WTFPL.test(str)) {","        return 'WTFPL*';","    } else if (APACHE.test(str)) {","        return 'Apache*';","    } else if (CC0_1_0.test(str)) {","        return 'CC0-1.0*';","    }","    return null;","};",""],"l":{"1":1,"2":1,"3":1,"4":1,"5":1,"6":1,"7":1,"8":1,"9":1,"10":1,"12":1,"15":1,"16":0,"17":0,"19":0,"20":0,"21":0,"22":0,"23":0,"24":0,"25":0,"26":0,"27":0,"29":0,"30":0,"31":0,"32":0,"33":0,"34":0,"35":0,"36":0,"37":0,"38":0,"39":0,"40":0,"41":0,"42":0,"43":0,"45":0}},"/home/travis/build/npmtest/node-npmtest-license-checker/node_modules/license-checker/lib/args.js":{"path":"/home/travis/build/npmtest/node-npmtest-license-checker/node_modules/license-checker/lib/args.js","s":{"1":1,"2":1,"3":0,"4":1,"5":0,"6":0,"7":0,"8":0,"9":0,"10":1,"11":0,"12":0,"13":0,"14":1,"15":0,"16":0,"17":0,"18":0,"19":0,"20":0,"21":0,"22":0,"23":0,"24":1,"25":0,"26":0,"27":1,"28":1,"29":1,"30":1,"31":1,"32":1},"b":{"1":[0,0],"2":[0,0],"3":[0,0],"4":[0,0],"5":[0,0],"6":[0,0],"7":[0,0,0],"8":[0,0]},"f":{"1":0,"2":0,"3":0,"4":0,"5":0,"6":0},"fnMap":{"1":{"name":"(anonymous_1)","line":34,"loc":{"start":{"line":34,"column":10},"end":{"line":34,"column":26}}},"2":{"name":"(anonymous_2)","line":39,"loc":{"start":{"line":39,"column":10},"end":{"line":39,"column":23}},"skip":true},"3":{"name":"(anonymous_3)","line":43,"loc":{"start":{"line":43,"column":19},"end":{"line":43,"column":32}},"skip":true},"4":{"name":"(anonymous_4)","line":52,"loc":{"start":{"line":52,"column":12},"end":{"line":52,"column":27}}},"5":{"name":"(anonymous_5)","line":58,"loc":{"start":{"line":58,"column":18},"end":{"line":58,"column":35}}},"6":{"name":"(anonymous_6)","line":75,"loc":{"start":{"line":75,"column":12},"end":{"line":75,"column":28}}}},"statementMap":{"1":{"start":{"line":7,"column":0},"end":{"line":32,"column":6}},"2":{"start":{"line":34,"column":0},"end":{"line":36,"column":2}},"3":{"start":{"line":35,"column":4},"end":{"line":35,"column":55}},"4":{"start":{"line":39,"column":0},"end":{"line":50,"column":2},"skip":true},"5":{"start":{"line":40,"column":4},"end":{"line":41,"column":16},"skip":true},"6":{"start":{"line":43,"column":4},"end":{"line":47,"column":7},"skip":true},"7":{"start":{"line":44,"column":8},"end":{"line":46,"column":9},"skip":true},"8":{"start":{"line":45,"column":12},"end":{"line":45,"column":23},"skip":true},"9":{"start":{"line":49,"column":4},"end":{"line":49,"column":15},"skip":true},"10":{"start":{"line":52,"column":0},"end":{"line":56,"column":2}},"11":{"start":{"line":53,"column":4},"end":{"line":53,"column":27}},"12":{"start":{"line":54,"column":4},"end":{"line":54,"column":23}},"13":{"start":{"line":55,"column":4},"end":{"line":55,"column":18}},"14":{"start":{"line":58,"column":0},"end":{"line":73,"column":2}},"15":{"start":{"line":59,"column":4},"end":{"line":61,"column":5}},"16":{"start":{"line":60,"column":8},"end":{"line":60,"column":25}},"17":{"start":{"line":63,"column":4},"end":{"line":65,"column":5}},"18":{"start":{"line":64,"column":8},"end":{"line":64,"column":43}},"19":{"start":{"line":66,"column":4},"end":{"line":68,"column":5}},"20":{"start":{"line":67,"column":8},"end":{"line":67,"column":29}},"21":{"start":{"line":69,"column":4},"end":{"line":69,"column":49}},"22":{"start":{"line":70,"column":4},"end":{"line":70,"column":62}},"23":{"start":{"line":72,"column":4},"end":{"line":72,"column":18}},"24":{"start":{"line":75,"column":0},"end":{"line":78,"column":2}},"25":{"start":{"line":76,"column":4},"end":{"line":76,"column":29}},"26":{"start":{"line":77,"column":4},"end":{"line":77,"column":31}},"27":{"start":{"line":80,"column":0},"end":{"line":80,"column":31}},"28":{"start":{"line":81,"column":0},"end":{"line":81,"column":18}},"29":{"start":{"line":82,"column":0},"end":{"line":82,"column":18}},"30":{"start":{"line":83,"column":0},"end":{"line":83,"column":22}},"31":{"start":{"line":84,"column":0},"end":{"line":84,"column":24}},"32":{"start":{"line":85,"column":0},"end":{"line":85,"column":22}}},"branchMap":{"1":{"line":35,"type":"binary-expr","locations":[{"start":{"line":35,"column":32},"end":{"line":35,"column":36}},{"start":{"line":35,"column":40},"end":{"line":35,"column":52}}]},"2":{"line":44,"type":"if","locations":[{"start":{"line":44,"column":8},"end":{"line":44,"column":8},"skip":true},{"start":{"line":44,"column":8},"end":{"line":44,"column":8},"skip":true}]},"3":{"line":44,"type":"binary-expr","locations":[{"start":{"line":44,"column":13},"end":{"line":44,"column":27},"skip":true},{"start":{"line":44,"column":33},"end":{"line":44,"column":50},"skip":true}]},"4":{"line":59,"type":"if","locations":[{"start":{"line":59,"column":4},"end":{"line":59,"column":4}},{"start":{"line":59,"column":4},"end":{"line":59,"column":4}}]},"5":{"line":63,"type":"if","locations":[{"start":{"line":63,"column":4},"end":{"line":63,"column":4}},{"start":{"line":63,"column":4},"end":{"line":63,"column":4},"skip":true}]},"6":{"line":66,"type":"if","locations":[{"start":{"line":66,"column":4},"end":{"line":66,"column":4}},{"start":{"line":66,"column":4},"end":{"line":66,"column":4}}]},"7":{"line":66,"type":"binary-expr","locations":[{"start":{"line":66,"column":8},"end":{"line":66,"column":19}},{"start":{"line":66,"column":23},"end":{"line":66,"column":38}},{"start":{"line":66,"column":42},"end":{"line":66,"column":52}}]},"8":{"line":69,"type":"binary-expr","locations":[{"start":{"line":69,"column":19},"end":{"line":69,"column":31}},{"start":{"line":69,"column":35},"end":{"line":69,"column":48}}]}},"code":["/*","Copyright (c) 2013, Yahoo! Inc. All rights reserved.","Code licensed under the BSD License:","http://yuilibrary.com/license/","*/","","var nopt = require('nopt'),","    chalk = require('chalk'),","    known = {","        production: Boolean,","        development: Boolean,","        json: Boolean,","        csv: Boolean,","        csvComponentPrefix: String,","        markdown: Boolean,","        out: require('path'),","        unknown: Boolean,","        onlyunknown: Boolean,","        version: Boolean,","        color: Boolean,","        start: String,","        help: Boolean,","        relativeLicensePath: Boolean,","        exclude: String,","        customPath: require('path'),","        customFormat: { },","        files: require('path')","    },","    shorts = {","        \"v\" : [\"--version\"],","        \"h\" : [\"--help\"]","    };","","var raw = function (args) {","    return nopt(known, shorts, (args || process.argv));","};","","/*istanbul ignore next */","var has = function (a) {","    var cooked = raw().argv.cooked,","    ret = false;","","    cooked.forEach(function (o) {","        if ((o === '--' + a) || (o === '--no-' + a)) {","            ret = true;","        }","    });","","    return ret;","};","","var clean = function(args) {","    var parsed = raw(args);","    delete parsed.argv;","    return parsed;","};","","var setDefaults = function(parsed) {","    if (parsed === undefined) {","        parsed = clean();","    }","    /*istanbul ignore else*/","    if (parsed.color === undefined) {","        parsed.color = chalk.supportsColor;","    }","    if (parsed.json || parsed.markdown || parsed.csv) {","        parsed.color = false;","    }","    parsed.start = parsed.start || process.cwd();","    parsed.relativeLicensePath = !!parsed.relativeLicensePath;","","    return parsed;","};","","var parse = function (args) {","    var parsed = clean(args);","    return setDefaults(parsed);","};","","exports.defaults = setDefaults;","exports.has = has;","exports.raw = raw;","exports.parse = parse;","exports.shorts = shorts;","exports.known = known;",""],"l":{"7":1,"34":1,"35":0,"39":1,"40":1,"43":1,"44":1,"45":1,"49":1,"52":1,"53":0,"54":0,"55":0,"58":1,"59":0,"60":0,"63":0,"64":0,"66":0,"67":0,"69":0,"70":0,"72":0,"75":1,"76":0,"77":0,"80":1,"81":1,"82":1,"83":1,"84":1,"85":1}},"/home/travis/build/npmtest/node-npmtest-license-checker/node_modules/license-checker/lib/stack.js":{"path":"/home/travis/build/npmtest/node-npmtest-license-checker/node_modules/license-checker/lib/stack.js","s":{"1":1,"2":0,"3":0,"4":0,"5":0,"6":1,"7":0,"8":0,"9":0,"10":0,"11":0,"12":0,"13":0,"14":0,"15":0,"16":0,"17":0,"18":0,"19":0,"20":1},"b":{"1":[0,0],"2":[0,0],"3":[0,0],"4":[0,0]},"f":{"1":0,"2":0,"3":0,"4":0,"5":0},"fnMap":{"1":{"name":"(anonymous_1)","line":6,"loc":{"start":{"line":6,"column":12},"end":{"line":6,"column":24}}},"2":{"name":"(anonymous_2)","line":14,"loc":{"start":{"line":14,"column":9},"end":{"line":14,"column":23}}},"3":{"name":"(anonymous_3)","line":20,"loc":{"start":{"line":20,"column":15},"end":{"line":20,"column":30}}},"4":{"name":"(anonymous_4)","line":29,"loc":{"start":{"line":29,"column":10},"end":{"line":29,"column":22}}},"5":{"name":"(anonymous_5)","line":36,"loc":{"start":{"line":36,"column":10},"end":{"line":36,"column":36}}}},"statementMap":{"1":{"start":{"line":6,"column":0},"end":{"line":11,"column":2}},"2":{"start":{"line":7,"column":4},"end":{"line":7,"column":23}},"3":{"start":{"line":8,"column":4},"end":{"line":8,"column":22}},"4":{"start":{"line":9,"column":4},"end":{"line":9,"column":23}},"5":{"start":{"line":10,"column":4},"end":{"line":10,"column":22}},"6":{"start":{"line":13,"column":0},"end":{"line":41,"column":2}},"7":{"start":{"line":15,"column":8},"end":{"line":16,"column":31}},"8":{"start":{"line":18,"column":8},"end":{"line":18,"column":24}},"9":{"start":{"line":20,"column":8},"end":{"line":26,"column":10}},"10":{"start":{"line":21,"column":12},"end":{"line":21,"column":50}},"11":{"start":{"line":21,"column":23},"end":{"line":21,"column":48}},"12":{"start":{"line":23,"column":12},"end":{"line":23,"column":31}},"13":{"start":{"line":24,"column":12},"end":{"line":24,"column":60}},"14":{"start":{"line":25,"column":12},"end":{"line":25,"column":24}},"15":{"start":{"line":30,"column":8},"end":{"line":33,"column":9}},"16":{"start":{"line":31,"column":12},"end":{"line":32,"column":45}},"17":{"start":{"line":37,"column":8},"end":{"line":37,"column":33}},"18":{"start":{"line":38,"column":8},"end":{"line":38,"column":29}},"19":{"start":{"line":39,"column":8},"end":{"line":39,"column":20}},"20":{"start":{"line":43,"column":0},"end":{"line":43,"column":22}}},"branchMap":{"1":{"line":21,"type":"if","locations":[{"start":{"line":21,"column":12},"end":{"line":21,"column":12}},{"start":{"line":21,"column":12},"end":{"line":21,"column":12}}]},"2":{"line":30,"type":"if","locations":[{"start":{"line":30,"column":8},"end":{"line":30,"column":8}},{"start":{"line":30,"column":8},"end":{"line":30,"column":8}}]},"3":{"line":30,"type":"binary-expr","locations":[{"start":{"line":30,"column":12},"end":{"line":30,"column":39}},{"start":{"line":30,"column":43},"end":{"line":30,"column":56}}]},"4":{"line":31,"type":"cond-expr","locations":[{"start":{"line":31,"column":58},"end":{"line":31,"column":69}},{"start":{"line":31,"column":72},"end":{"line":31,"column":76}}]}},"code":["/*","Copyright (c) 2012, Yahoo! Inc. All rights reserved.","Code licensed under the BSD License:","http://yuilibrary.com/license/","*/","var Stack = function () {","    this.errors   = [];","    this.finished = 0;","    this.results  = [];","    this.total    = 0;","};","","Stack.prototype = {","    add: function (fn) {","        var self  = this,","            index = self.total;","","        self.total += 1;","","        return function (err) {","            if (err) { self.errors[index] = err; }","","            self.finished += 1;","            self.results[index] = fn.apply(null, arguments);","            self.test();","        };","    },","","    test: function () {","        if (this.finished >= this.total && this.callback) {","            this.callback.call(null, this.errors.length ? this.errors : null,","                    this.results, this.data);","        }","    },","","    done: function (callback, data) {","        this.callback = callback;","        this.data     = data;","        this.test();","    }","};","","exports.Stack = Stack;",""],"l":{"6":1,"7":0,"8":0,"9":0,"10":0,"13":1,"15":0,"18":0,"20":0,"21":0,"23":0,"24":0,"25":0,"30":0,"31":0,"37":0,"38":0,"39":0,"43":1}},"/home/travis/build/npmtest/node-npmtest-license-checker/node_modules/license-checker/scripts/contrib.js":{"path":"/home/travis/build/npmtest/node-npmtest-license-checker/node_modules/license-checker/scripts/contrib.js","s":{"1":2,"2":2,"3":0,"4":0,"5":0,"6":0,"7":0,"8":0,"9":0,"10":0,"11":0,"12":0,"13":0},"b":{},"f":{"1":0,"2":0,"3":0},"fnMap":{"1":{"name":"(anonymous_1)","line":12,"loc":{"start":{"line":12,"column":27},"end":{"line":12,"column":50}}},"2":{"name":"(anonymous_2)","line":13,"loc":{"start":{"line":13,"column":19},"end":{"line":13,"column":34}}},"3":{"name":"(anonymous_3)","line":17,"loc":{"start":{"line":17,"column":22},"end":{"line":17,"column":33}}}},"statementMap":{"1":{"start":{"line":3,"column":0},"end":{"line":3,"column":32}},"2":{"start":{"line":4,"column":0},"end":{"line":4,"column":44}},"3":{"start":{"line":5,"column":0},"end":{"line":5,"column":66}},"4":{"start":{"line":6,"column":0},"end":{"line":6,"column":34}},"5":{"start":{"line":7,"column":0},"end":{"line":7,"column":45}},"6":{"start":{"line":8,"column":0},"end":{"line":8,"column":24}},"7":{"start":{"line":10,"column":0},"end":{"line":10,"column":23}},"8":{"start":{"line":12,"column":0},"end":{"line":20,"column":3}},"9":{"start":{"line":13,"column":4},"end":{"line":15,"column":7}},"10":{"start":{"line":14,"column":8},"end":{"line":14,"column":78}},"11":{"start":{"line":16,"column":4},"end":{"line":16,"column":29}},"12":{"start":{"line":17,"column":4},"end":{"line":19,"column":7}},"13":{"start":{"line":18,"column":8},"end":{"line":18,"column":72}}},"branchMap":{},"code":["//#!/usr/bin/env node","","var join = require('path').join;","var format = require('format-package-json');","var GitContributors = require('git-contributors').GitContributors;","var opts = join(__dirname, '../');","var pkg = join(__dirname, '../package.json');","var json = require(pkg);"," ","json.contributors = []; //clear it","","GitContributors.list(opts, function (err, result) {","    result.forEach(function(item) {","        json.contributors.push([item.name, '<' + item.email + '>'].join(' '));","    });","    json.contributors.sort();","    format(pkg, json, function() {","        console.log('Wrote %s contributors to: %s', result.length, pkg);","    });","});","","","","",""],"l":{"3":2,"4":2,"5":0,"6":0,"7":0,"8":0,"10":0,"12":0,"13":0,"14":0,"16":0,"17":0,"18":0}}}